2024-12-21 19:21:12.933 [info] Added views:outline in workbench.view.explorer
2024-12-21 19:21:12.933 [info] Added views:workbench.view.search in workbench.view.search
2024-12-21 19:21:12.933 [info] Added views:workbench.scm in workbench.view.scm
2024-12-21 19:21:12.933 [info] Added views:workbench.panel.markers.view in workbench.panel.markers
2024-12-21 19:21:12.933 [info] Added views:workbench.panel.output in workbench.panel.output
2024-12-21 19:21:12.933 [info] Added views:terminal in terminal
2024-12-21 19:21:12.933 [info] Added views:timeline in workbench.view.explorer
2024-12-21 19:21:12.933 [info] Added views:workbench.explorer.emptyView in workbench.view.explorer
2024-12-21 19:21:14.463 [info] Added views:workbench.debug.variablesView,workbench.debug.watchExpressionsView,workbench.debug.callStackView,workbench.debug.breakPointsView in workbench.view.debug
2024-12-21 19:21:18.357 [info] Added views:workbench.panel.repl.view in workbench.panel.repl
2024-12-21 19:21:18.366 [info] Removed views:workbench.debug.breakPointsView,workbench.debug.callStackView,workbench.debug.watchExpressionsView,workbench.debug.variablesView from workbench.view.debug
2024-12-21 19:21:18.377 [info] Added views:workbench.debug.welcome in workbench.view.debug
2024-12-21 19:21:19.871 [info] Added views:~remote.forwardedPorts in ~remote.forwardedPortsContainer
2024-12-21 19:21:39.913 [info] Added views:outline in workbench.view.explorer
2024-12-21 19:21:39.913 [info] Added views:workbench.view.search in workbench.view.search
2024-12-21 19:21:39.913 [info] Added views:workbench.scm in workbench.view.scm
2024-12-21 19:21:39.913 [info] Added views:workbench.panel.markers.view in workbench.panel.markers
2024-12-21 19:21:39.913 [info] Added views:workbench.panel.output in workbench.panel.output
2024-12-21 19:21:39.913 [info] Added views:terminal in terminal
2024-12-21 19:21:39.913 [info] Added views:timeline in workbench.view.explorer
2024-12-21 19:21:39.913 [info] Added views:workbench.explorer.fileView in workbench.view.explorer
2024-12-21 19:21:42.561 [info] Added views:workbench.debug.variablesView,workbench.debug.watchExpressionsView,workbench.debug.callStackView,workbench.debug.breakPointsView in workbench.view.debug
2024-12-21 19:21:43.699 [info] Added views:workbench.panel.repl.view in workbench.panel.repl
2024-12-21 19:21:43.701 [info] Removed views:workbench.debug.breakPointsView,workbench.debug.callStackView,workbench.debug.watchExpressionsView,workbench.debug.variablesView from workbench.view.debug
2024-12-21 19:21:43.706 [info] Added views:workbench.debug.welcome in workbench.view.debug
2024-12-21 19:21:44.328 [info] Added views:~remote.forwardedPorts in ~remote.forwardedPortsContainer
2024-12-21 19:21:48.991 [info] Added views:workbench.view.testing in workbench.view.extension.test
2024-12-21 19:21:50.732 [info] Removed views:workbench.view.testing from workbench.view.extension.test
2024-12-21 19:21:54.554 [info] Added views:workbench.view.testing in workbench.view.extension.test
2024-12-21 19:21:55.635 [info] Added views:workbench.scm.history in workbench.view.scm
