2024-12-19 20:48:29.908 [info] Started local extension host with pid 6501.
2024-12-19 20:48:36.583 [info] Settings Sync: Updating due to initialize
2024-12-19 20:48:36.600 [info] Settings Sync: Updating authentication providers. Authentication Providers from store: [{"id":"github","scopes":["user:email"]},{"id":"microsoft","scopes":["openid","profile","email","offline_access"]}]
2024-12-19 20:48:36.608 [info] Settings Sync: Authentication providers updated []
2024-12-19 20:48:37.178 [info] Settings Sync: Updating authentication providers. Authentication Providers from store: [{"id":"github","scopes":["user:email"]},{"id":"microsoft","scopes":["openid","profile","email","offline_access"]}]
2024-12-19 20:48:37.179 [info] Settings Sync: Authentication providers updated ["github"]
2024-12-19 20:48:37.180 [info] Settings Sync: Updating authentication providers. Authentication Providers from store: [{"id":"github","scopes":["user:email"]},{"id":"microsoft","scopes":["openid","profile","email","offline_access"]}]
2024-12-19 20:48:37.184 [info] Settings Sync: Authentication providers updated ["github"]
2024-12-19 20:48:37.185 [info] Settings Sync: Updating authentication providers. Authentication Providers from store: [{"id":"github","scopes":["user:email"]},{"id":"microsoft","scopes":["openid","profile","email","offline_access"]}]
2024-12-19 20:48:37.188 [info] Settings Sync: Authentication providers updated ["github","microsoft"]
2024-12-19 20:48:37.189 [info] Settings Sync: Updating authentication providers. Authentication Providers from store: [{"id":"github","scopes":["user:email"]},{"id":"microsoft","scopes":["openid","profile","email","offline_access"]}]
2024-12-19 20:48:37.189 [info] Settings Sync: Authentication providers updated ["github","microsoft"]
2024-12-19 20:48:37.243 [info] Settings Sync: Updating due to declared authentication providers changed
2024-12-19 20:48:37.244 [info] Settings Sync: Updating authentication providers. Authentication Providers from store: [{"id":"github","scopes":["user:email"]},{"id":"microsoft","scopes":["openid","profile","email","offline_access"]}]
2024-12-19 20:48:37.245 [info] Settings Sync: Authentication providers updated ["github","microsoft"]
2024-12-19 20:48:37.246 [info] Settings Sync: Updating due to declared authentication providers changed
2024-12-19 20:48:37.247 [info] Settings Sync: Updating authentication providers. Authentication Providers from store: [{"id":"github","scopes":["user:email"]},{"id":"microsoft","scopes":["openid","profile","email","offline_access"]}]
2024-12-19 20:48:37.249 [info] Settings Sync: Authentication providers updated ["github","microsoft"]
2024-12-19 20:48:39.700 [info] [perf] Render performance baseline is 138ms
2024-12-19 20:49:03.283 [info] Started local extension host with pid 6576.
2024-12-19 20:49:07.963 [info] Settings Sync: Updating due to initialize
2024-12-19 20:49:07.964 [info] Settings Sync: Updating authentication providers. Authentication Providers from store: [{"id":"github","scopes":["user:email"]},{"id":"microsoft","scopes":["openid","profile","email","offline_access"]}]
2024-12-19 20:49:07.965 [info] Settings Sync: Authentication providers updated ["github","microsoft"]
2024-12-19 20:49:12.863 [info] [perf] Render performance baseline is 134ms
2024-12-19 20:49:23.360 [info] Extension host (LocalProcess pid: 6576) is unresponsive.
2024-12-19 20:49:25.771 [info] UNRESPONSIVE extension host: starting to profile NOW
2024-12-19 20:49:25.781 [info] Extension host (LocalProcess pid: 6576) is responsive.
2024-12-19 20:49:25.785 [info] UNRESPONSIVE extension host: received responsive event and cancelling profiling session
2024-12-19 20:49:26.643 [warning] UNRESPONSIVE extension host: 'ms-python.debugpy' took 33.41600992119054% of 208.825ms, saved PROFILE here: 'file:///tmp/exthost-d21688.cpuprofile'
