2024-12-19 20:48:29.545 [info] Added views:outline in workbench.view.explorer
2024-12-19 20:48:29.545 [info] Added views:workbench.view.search in workbench.view.search
2024-12-19 20:48:29.545 [info] Added views:workbench.scm in workbench.view.scm
2024-12-19 20:48:29.545 [info] Added views:workbench.panel.markers.view in workbench.panel.markers
2024-12-19 20:48:29.545 [info] Added views:workbench.panel.output in workbench.panel.output
2024-12-19 20:48:29.545 [info] Added views:terminal in terminal
2024-12-19 20:48:29.545 [info] Added views:timeline in workbench.view.explorer
2024-12-19 20:48:29.545 [info] Added views:workbench.explorer.emptyView in workbench.view.explorer
2024-12-19 20:48:33.917 [info] Added views:workbench.debug.variablesView,workbench.debug.watchExpressionsView,workbench.debug.callStackView,workbench.debug.breakPointsView in workbench.view.debug
2024-12-19 20:48:34.042 [info] Added views:workbench.panel.repl.view in workbench.panel.repl
2024-12-19 20:48:34.044 [info] Removed views:workbench.debug.breakPointsView,workbench.debug.callStackView,workbench.debug.watchExpressionsView,workbench.debug.variablesView from workbench.view.debug
2024-12-19 20:48:34.045 [info] Added views:workbench.debug.welcome in workbench.view.debug
2024-12-19 20:48:36.680 [info] Added views:~remote.forwardedPorts in ~remote.forwardedPortsContainer
2024-12-19 20:49:02.749 [info] Added views:outline in workbench.view.explorer
2024-12-19 20:49:02.749 [info] Added views:workbench.view.search in workbench.view.search
2024-12-19 20:49:02.749 [info] Added views:workbench.scm in workbench.view.scm
2024-12-19 20:49:02.749 [info] Added views:workbench.panel.markers.view in workbench.panel.markers
2024-12-19 20:49:02.749 [info] Added views:workbench.panel.output in workbench.panel.output
2024-12-19 20:49:02.749 [info] Added views:terminal in terminal
2024-12-19 20:49:02.749 [info] Added views:timeline in workbench.view.explorer
2024-12-19 20:49:02.749 [info] Added views:workbench.explorer.fileView in workbench.view.explorer
2024-12-19 20:49:04.068 [info] Added views:workbench.debug.variablesView,workbench.debug.watchExpressionsView,workbench.debug.callStackView,workbench.debug.breakPointsView in workbench.view.debug
2024-12-19 20:49:07.948 [info] Added views:~remote.forwardedPorts in ~remote.forwardedPortsContainer
2024-12-19 20:49:09.788 [info] Added views:workbench.panel.repl.view in workbench.panel.repl
2024-12-19 20:49:09.801 [info] Removed views:workbench.debug.breakPointsView,workbench.debug.callStackView,workbench.debug.watchExpressionsView,workbench.debug.variablesView from workbench.view.debug
2024-12-19 20:49:09.815 [info] Added views:workbench.debug.welcome in workbench.view.debug
2024-12-19 20:49:16.531 [info] Added views:workbench.view.testing in workbench.view.extension.test
2024-12-19 20:50:05.751 [info] Removed views:workbench.view.testing from workbench.view.extension.test
