2024-12-19 23:25:26.219 [info] Getting Manifest... ms-python.debugpy
2024-12-19 23:25:26.228 [info] Getting Manifest... ms-python.python
2024-12-19 23:25:26.233 [info] Getting Manifest... ms-python.vscode-pylance
2024-12-19 23:25:26.745 [info] Installing extension: ms-python.python {"productVersion":{"version":"1.95.3","date":"2024-11-13T14:50:04.152Z"},"pinned":false,"operation":3,"isApplicationScoped":false,"profileLocation":{"$mid":1,"external":"vscode-userdata:/root/.vscode/extensions/extensions.json","path":"/root/.vscode/extensions/extensions.json","scheme":"vscode-userdata"},"installOnlyNewlyAddedFromExtensionPack":true}
2024-12-19 23:25:26.926 [info] Installing extension: ms-python.vscode-pylance {"productVersion":{"version":"1.95.3","date":"2024-11-13T14:50:04.152Z"},"pinned":false,"operation":3,"isApplicationScoped":false,"profileLocation":{"$mid":1,"external":"vscode-userdata:/root/.vscode/extensions/extensions.json","path":"/root/.vscode/extensions/extensions.json","scheme":"vscode-userdata"},"installOnlyNewlyAddedFromExtensionPack":true}
2024-12-19 23:25:26.974 [info] Installing extension: ms-python.debugpy {"productVersion":{"version":"1.95.3","date":"2024-11-13T14:50:04.152Z"},"pinned":false,"operation":3,"isApplicationScoped":false,"profileLocation":{"$mid":1,"external":"vscode-userdata:/root/.vscode/extensions/extensions.json","path":"/root/.vscode/extensions/extensions.json","scheme":"vscode-userdata"},"installOnlyNewlyAddedFromExtensionPack":true}
2024-12-19 23:25:32.041 [info] Getting Manifest... ms-python.python
2024-12-19 23:25:32.861 [info] Getting Manifest... ms-python.python
2024-12-19 23:25:53.133 [info] Extension signature verification result for ms-python.python: Success. Executed: true. Duration: 24040ms.
2024-12-19 23:26:04.813 [info] Extracted extension to file:///root/.vscode/extensions/ms-python.python-2024.22.0-linux-x64: ms-python.python
2024-12-19 23:26:04.853 [info] Renamed to /root/.vscode/extensions/ms-python.python-2024.22.0-linux-x64
2024-12-19 23:26:04.927 [info] Marked extension as uninstalled ms-python.python-2024.20.0-linux-x64
2024-12-19 23:26:04.954 [info] Extension installed successfully: ms-python.python vscode-userdata:/root/.vscode/extensions/extensions.json
2024-12-19 23:26:04.997 [error] [uncaught exception in sharedProcess]: Error: ENOENT: no such file or directory, stat '/root/.vscode/extensions/extensions.json.vsctmp': EntryNotFound (FileSystemError): Error: ENOENT: no such file or directory, stat '/root/.vscode/extensions/extensions.json.vsctmp'
    at hm.create (file:///usr/share/code/resources/app/out/vs/code/electron-utility/sharedProcess/sharedProcessMain.js:35:39254)
    at Es (file:///usr/share/code/resources/app/out/vs/code/electron-utility/sharedProcess/sharedProcessMain.js:35:39361)
    at Fr.ib (file:///usr/share/code/resources/app/out/vs/code/electron-utility/sharedProcess/sharedProcessMain.js:71:22677)
    at Fr.stat (file:///usr/share/code/resources/app/out/vs/code/electron-utility/sharedProcess/sharedProcessMain.js:71:16010)
    at async Zl.stat (file:///usr/share/code/resources/app/out/vs/code/electron-utility/sharedProcess/sharedProcessMain.js:70:84491)
    at async Jl.yb (file:///usr/share/code/resources/app/out/vs/code/electron-utility/sharedProcess/sharedProcessMain.js:70:66605)
2024-12-19 23:27:28.084 [info] Extension signature verification result for ms-python.debugpy: Success. Executed: true. Duration: 4600ms.
2024-12-19 23:27:30.984 [info] Extracted extension to file:///root/.vscode/extensions/ms-python.debugpy-2024.14.0-linux-x64: ms-python.debugpy
2024-12-19 23:27:31.024 [info] Renamed to /root/.vscode/extensions/ms-python.debugpy-2024.14.0-linux-x64
2024-12-19 23:27:31.094 [info] Marked extension as uninstalled ms-python.debugpy-2024.12.0-linux-x64
2024-12-19 23:27:31.192 [error] [uncaught exception in sharedProcess]: Error: ENOENT: no such file or directory, stat '/root/.vscode/extensions/extensions.json.vsctmp': EntryNotFound (FileSystemError): Error: ENOENT: no such file or directory, stat '/root/.vscode/extensions/extensions.json.vsctmp'
    at hm.create (file:///usr/share/code/resources/app/out/vs/code/electron-utility/sharedProcess/sharedProcessMain.js:35:39254)
    at Es (file:///usr/share/code/resources/app/out/vs/code/electron-utility/sharedProcess/sharedProcessMain.js:35:39361)
    at Fr.ib (file:///usr/share/code/resources/app/out/vs/code/electron-utility/sharedProcess/sharedProcessMain.js:71:22677)
    at Fr.stat (file:///usr/share/code/resources/app/out/vs/code/electron-utility/sharedProcess/sharedProcessMain.js:71:16010)
    at async Zl.stat (file:///usr/share/code/resources/app/out/vs/code/electron-utility/sharedProcess/sharedProcessMain.js:70:84491)
    at async Jl.yb (file:///usr/share/code/resources/app/out/vs/code/electron-utility/sharedProcess/sharedProcessMain.js:70:66605)
2024-12-19 23:27:31.213 [info] Extension installed successfully: ms-python.debugpy vscode-userdata:/root/.vscode/extensions/extensions.json
2024-12-19 23:27:39.476 [info] Extension signature verification result for ms-python.vscode-pylance: Success. Executed: true. Duration: 4526ms.
2024-12-19 23:28:09.440 [info] Extracted extension to file:///root/.vscode/extensions/ms-python.vscode-pylance-2024.12.1: ms-python.vscode-pylance
2024-12-19 23:28:09.489 [info] Renamed to /root/.vscode/extensions/ms-python.vscode-pylance-2024.12.1
2024-12-19 23:28:09.600 [info] Marked extension as uninstalled ms-python.vscode-pylance-2024.11.3
2024-12-19 23:28:09.630 [info] Extension installed successfully: ms-python.vscode-pylance vscode-userdata:/root/.vscode/extensions/extensions.json
2024-12-19 23:28:09.652 [error] [uncaught exception in sharedProcess]: Error: ENOENT: no such file or directory, stat '/root/.vscode/extensions/extensions.json.vsctmp': EntryNotFound (FileSystemError): Error: ENOENT: no such file or directory, stat '/root/.vscode/extensions/extensions.json.vsctmp'
    at hm.create (file:///usr/share/code/resources/app/out/vs/code/electron-utility/sharedProcess/sharedProcessMain.js:35:39254)
    at Es (file:///usr/share/code/resources/app/out/vs/code/electron-utility/sharedProcess/sharedProcessMain.js:35:39361)
    at Fr.ib (file:///usr/share/code/resources/app/out/vs/code/electron-utility/sharedProcess/sharedProcessMain.js:71:22677)
    at Fr.stat (file:///usr/share/code/resources/app/out/vs/code/electron-utility/sharedProcess/sharedProcessMain.js:71:16010)
    at async Zl.stat (file:///usr/share/code/resources/app/out/vs/code/electron-utility/sharedProcess/sharedProcessMain.js:70:84491)
    at async Jl.yb (file:///usr/share/code/resources/app/out/vs/code/electron-utility/sharedProcess/sharedProcessMain.js:70:66605)
