2024-12-19 23:25:33.525 [info] (Client) Pylance async client (2024.11.3) started with python extension (2024.20.0)
2024-12-19 23:25:37.346 [info] [Info  - 11:25:37 PM] (3539) Server root directory: file:///root/.vscode/extensions/ms-python.vscode-pylance-2024.11.3/dist
2024-12-19 23:25:37.354 [info] [Info  - 11:25:37 PM] (3539) Pylance language server 2024.11.3 (pyright version 1.1.386, commit 4180fa21) starting
2024-12-19 23:25:37.357 [info] [Info  - 11:25:37 PM] (3539) Starting service instance "heyd"
2024-12-19 23:25:37.967 [info] [Info  - 11:25:37 PM] (3539) Setting environmentName for service "heyd": "3.12.3 (venv venv)"
2024-12-19 23:25:37.969 [info] [Info  - 11:25:37 PM] (3539) Setting pythonPath for service "heyd": "/home/mjavad/Desktop/heyd/venv/bin/python"
2024-12-19 23:25:37.979 [info] [Info  - 11:25:37 PM] (3539) No include entries specified; assuming /home/mjavad/Desktop/heyd
2024-12-19 23:25:37.986 [info] [Info  - 11:25:37 PM] (3539) Auto-excluding **/node_modules
2024-12-19 23:25:37.992 [info] [Info  - 11:25:37 PM] (3539) Auto-excluding **/__pycache__
2024-12-19 23:25:37.997 [info] [Info  - 11:25:37 PM] (3539) Auto-excluding **/.*
2024-12-19 23:25:38.093 [info] [Info  - 11:25:38 PM] (3539) Assuming Python version 3.12.3.final.0
2024-12-19 23:25:39.077 [info] [Info  - 11:25:39 PM] (3539) Auto-excluding /home/mjavad/Desktop/heyd/venv
2024-12-19 23:25:39.143 [info] [Info  - 11:25:39 PM] (3539) Found 47 source files
2024-12-19 23:25:43.783 [info] [Info  - 11:25:43 PM] (3539) Background analysis(1) root directory: file:///root/.vscode/extensions/ms-python.vscode-pylance-2024.11.3/dist
2024-12-19 23:25:43.940 [info] [Info  - 11:25:43 PM] (3539) Background analysis(1) started
2024-12-19 23:25:44.497 [info] [Info  - 11:25:44 PM] (3539) Indexer background runner(2) root directory: file:///root/.vscode/extensions/ms-python.vscode-pylance-2024.11.3/dist (index)
2024-12-19 23:25:44.500 [info] [Info  - 11:25:44 PM] (3539) Indexing(2) started
2024-12-19 23:25:48.121 [info] [Info  - 11:25:48 PM] (3539) [BG(1)] Long operation: SemanticTokens full at file:///home/mjavad/Desktop/heyd/heyd/apps/notifications/views.py (3694ms)
2024-12-19 23:25:50.564 [info] [Info  - 11:25:50 PM] (3539) [IDX(2)] Long operation: scan packages file:///home/mjavad/Desktop/heyd (5675ms)
2024-12-19 23:25:50.568 [info] [Info  - 11:25:50 PM] (3539) scanned(2) 32 files over 1 exec env
2024-12-19 23:25:51.486 [info] [Info  - 11:25:51 PM] (3539) indexed(2) 32 files over 1 exec env
2024-12-19 23:25:51.568 [info] [Info  - 11:25:51 PM] (3539) Indexing finished(2).
2024-12-19 23:26:03.731 [info] [Info  - 11:26:03 PM] (3539) [BG(1)] Long operation: checking: file:///home/mjavad/Desktop/heyd/heyd/config/settings.py (2311ms)
2024-12-19 23:26:03.734 [info] [Info  - 11:26:03 PM] (3539) [BG(1)] Long operation: analyzing: file:///home/mjavad/Desktop/heyd/heyd/config/settings.py (2334ms)
2024-12-19 23:32:22.188 [info] [Info  - 11:32:22 PM] (3539) Auto-excluding /home/mjavad/Desktop/heyd/venv
2024-12-19 23:32:22.216 [info] [Info  - 11:32:22 PM] (3539) Found 48 source files
2024-12-19 23:33:29.006 [info] [Info  - 11:33:29 PM] (3539) Auto-excluding /home/mjavad/Desktop/heyd/venv
2024-12-19 23:33:29.042 [info] [Info  - 11:33:29 PM] (3539) Found 49 source files
2024-12-19 23:34:27.407 [info] [Info  - 11:34:27 PM] (3539) Auto-excluding /home/mjavad/Desktop/heyd/venv
2024-12-19 23:34:27.419 [info] [Info  - 11:34:27 PM] (3539) Found 50 source files
2024-12-19 23:37:01.531 [info] [Info  - 11:37:01 PM] (3539) Auto-excluding /home/mjavad/Desktop/heyd/venv
2024-12-19 23:37:01.560 [info] [Info  - 11:37:01 PM] (3539) Found 51 source files
2024-12-19 23:37:38.647 [info] [Info  - 11:37:38 PM] (3539) Auto-excluding /home/mjavad/Desktop/heyd/venv
2024-12-19 23:37:38.672 [info] [Info  - 11:37:38 PM] (3539) Found 52 source files
2024-12-19 23:42:31.560 [info] [Info  - 11:42:31 PM] (3539) Auto-excluding /home/mjavad/Desktop/heyd/venv
2024-12-19 23:42:31.627 [info] [Info  - 11:42:31 PM] (3539) Found 59 source files
2024-12-19 23:42:47.143 [info] [Info  - 11:42:47 PM] (3539) Auto-excluding /home/mjavad/Desktop/heyd/venv
2024-12-19 23:42:47.171 [info] [Info  - 11:42:47 PM] (3539) Found 60 source files
2024-12-19 23:48:10.058 [info] [Info  - 11:48:10 PM] (3539) Auto-excluding /home/mjavad/Desktop/heyd/venv
2024-12-19 23:48:10.085 [info] [Info  - 11:48:10 PM] (3539) Found 60 source files
2024-12-19 23:48:19.720 [info] [Info  - 11:48:19 PM] (3539) Indexer background runner(3) root directory: file:///root/.vscode/extensions/ms-python.vscode-pylance-2024.11.3/dist (refresh)
2024-12-19 23:48:19.724 [info] [Info  - 11:48:19 PM] (3539) Indexing(3) started
2024-12-19 23:48:21.245 [info] [Info  - 11:48:21 PM] (3539) scanned(3) 34 files over 1 exec env
2024-12-19 23:48:22.408 [info] [Info  - 11:48:22 PM] (3539) indexed(3) 34 files over 1 exec env
2024-12-19 23:48:22.464 [info] [Info  - 11:48:22 PM] (3539) Indexing finished(3).
2024-12-19 23:50:13.686 [info] [Info  - 11:50:13 PM] (3539) Auto-excluding /home/mjavad/Desktop/heyd/venv
2024-12-19 23:50:13.710 [info] [Info  - 11:50:13 PM] (3539) Found 60 source files
2024-12-19 23:50:21.988 [info] [Info  - 11:50:21 PM] (3539) Indexer background runner(4) root directory: file:///root/.vscode/extensions/ms-python.vscode-pylance-2024.11.3/dist (refresh)
2024-12-19 23:50:21.994 [info] [Info  - 11:50:21 PM] (3539) Indexing(4) started
2024-12-19 23:50:24.081 [info] [Info  - 11:50:24 PM] (3539) scanned(4) 36 files over 1 exec env
2024-12-19 23:50:24.821 [info] [Info  - 11:50:24 PM] (3539) indexed(4) 36 files over 1 exec env
2024-12-19 23:50:24.874 [info] [Info  - 11:50:24 PM] (3539) Indexing finished(4).
2024-12-19 23:50:27.566 [info] [Info  - 11:50:27 PM] (3539) Auto-excluding /home/mjavad/Desktop/heyd/venv
2024-12-19 23:50:27.583 [info] [Info  - 11:50:27 PM] (3539) Found 60 source files
2024-12-19 23:50:36.123 [info] [Info  - 11:50:36 PM] (3539) Indexer background runner(5) root directory: file:///root/.vscode/extensions/ms-python.vscode-pylance-2024.11.3/dist (refresh)
2024-12-19 23:50:36.123 [info] [Info  - 11:50:36 PM] (3539) Indexing(5) started
2024-12-19 23:50:37.808 [info] [Info  - 11:50:37 PM] (3539) scanned(5) 37 files over 1 exec env
2024-12-19 23:50:38.864 [info] [Info  - 11:50:38 PM] (3539) indexed(5) 37 files over 1 exec env
2024-12-19 23:50:38.938 [info] [Info  - 11:50:38 PM] (3539) Indexing finished(5).
2024-12-19 23:50:43.300 [info] [Info  - 11:50:43 PM] (3539) Auto-excluding /home/mjavad/Desktop/heyd/venv
2024-12-19 23:50:43.318 [info] [Info  - 11:50:43 PM] (3539) Found 60 source files
2024-12-19 23:50:52.497 [info] [Info  - 11:50:52 PM] (3539) Indexer background runner(6) root directory: file:///root/.vscode/extensions/ms-python.vscode-pylance-2024.11.3/dist (refresh)
2024-12-19 23:50:52.500 [info] [Info  - 11:50:52 PM] (3539) Indexing(6) started
2024-12-19 23:50:54.799 [info] [Info  - 11:50:54 PM] (3539) scanned(6) 38 files over 1 exec env
2024-12-19 23:50:55.484 [info] [Info  - 11:50:55 PM] (3539) indexed(6) 38 files over 1 exec env
2024-12-19 23:50:55.598 [info] [Info  - 11:50:55 PM] (3539) Indexing finished(6).
2024-12-19 23:56:10.492 [info] [Info  - 11:56:10 PM] (3539) Auto-excluding /home/mjavad/Desktop/heyd/venv
2024-12-19 23:56:10.530 [info] [Info  - 11:56:10 PM] (3539) Found 60 source files
2024-12-19 23:56:13.548 [info] [Info  - 11:56:13 PM] (3539) Auto-excluding /home/mjavad/Desktop/heyd/venv
2024-12-19 23:56:13.595 [info] [Info  - 11:56:13 PM] (3539) Found 60 source files
2024-12-19 23:56:13.818 [info] [Info  - 11:56:13 PM] (3539) Auto-excluding /home/mjavad/Desktop/heyd/venv
2024-12-19 23:56:13.870 [info] [Info  - 11:56:13 PM] (3539) Found 60 source files
2024-12-19 23:56:14.867 [info] [Info  - 11:56:14 PM] (3539) Auto-excluding /home/mjavad/Desktop/heyd/venv
2024-12-19 23:56:14.957 [info] [Info  - 11:56:14 PM] (3539) Found 60 source files
2024-12-19 23:56:15.626 [info] [Info  - 11:56:15 PM] (3539) Auto-excluding /home/mjavad/Desktop/heyd/venv
2024-12-19 23:56:15.685 [info] [Info  - 11:56:15 PM] (3539) Found 60 source files
2024-12-19 23:56:16.155 [info] [Info  - 11:56:16 PM] (3539) Auto-excluding /home/mjavad/Desktop/heyd/venv
2024-12-19 23:56:16.187 [info] [Info  - 11:56:16 PM] (3539) Found 60 source files
2024-12-19 23:56:16.502 [info] [Info  - 11:56:16 PM] (3539) Auto-excluding /home/mjavad/Desktop/heyd/venv
2024-12-19 23:56:16.538 [info] [Info  - 11:56:16 PM] (3539) Found 60 source files
2024-12-19 23:56:17.010 [info] [Info  - 11:56:17 PM] (3539) Auto-excluding /home/mjavad/Desktop/heyd/venv
2024-12-19 23:56:17.011 [info] [Info  - 11:56:17 PM] (3539) Found 60 source files
2024-12-19 23:56:19.329 [info] [Info  - 11:56:19 PM] (3539) Auto-excluding /home/mjavad/Desktop/heyd/venv
2024-12-19 23:56:19.524 [info] [Info  - 11:56:19 PM] (3539) Found 60 source files
2024-12-19 23:56:21.669 [info] [Info  - 11:56:21 PM] (3539) Auto-excluding /home/mjavad/Desktop/heyd/venv
2024-12-19 23:56:21.762 [info] [Info  - 11:56:21 PM] (3539) Found 60 source files
2024-12-19 23:56:31.432 [info] [Info  - 11:56:31 PM] (3539) Indexer background runner(7) root directory: file:///root/.vscode/extensions/ms-python.vscode-pylance-2024.11.3/dist (refresh)
2024-12-19 23:56:31.435 [info] [Info  - 11:56:31 PM] (3539) Indexing(7) started
2024-12-19 23:56:34.683 [info] [Info  - 11:56:34 PM] (3539) [BG(1)] Long operation: checking: file:///home/mjavad/Desktop/heyd/heyd/config/celery.py (3294ms)
2024-12-19 23:56:34.687 [info] [Info  - 11:56:34 PM] (3539) [BG(1)] Long operation: analyzing: file:///home/mjavad/Desktop/heyd/heyd/config/celery.py (3298ms)
2024-12-19 23:56:36.014 [info] [Info  - 11:56:36 PM] (3539) [IDX(7)] Long operation: scan packages file:///home/mjavad/Desktop/heyd (4149ms)
2024-12-19 23:56:36.014 [info] [Info  - 11:56:36 PM] (3539) scanned(7) 52 files over 1 exec env
2024-12-19 23:56:37.884 [info] [Info  - 11:56:37 PM] (3539) indexed(7) 52 files over 1 exec env
2024-12-19 23:56:38.050 [info] [Info  - 11:56:38 PM] (3539) Indexing finished(7).
2024-12-20 00:02:51.120 [info] [Info  - 12:02:51 AM] (3539) Auto-excluding /home/mjavad/Desktop/heyd/venv
2024-12-20 00:02:51.144 [info] [Info  - 12:02:51 AM] (3539) Found 60 source files
2024-12-20 00:03:00.833 [info] [Info  - 12:03:00 AM] (3539) Indexer background runner(8) root directory: file:///root/.vscode/extensions/ms-python.vscode-pylance-2024.11.3/dist (refresh)
2024-12-20 00:03:00.842 [info] [Info  - 12:03:00 AM] (3539) Indexing(8) started
2024-12-20 00:03:04.800 [info] [Info  - 12:03:04 AM] (3539) [IDX(8)] Long operation: scan packages file:///home/mjavad/Desktop/heyd (3357ms)
2024-12-20 00:03:04.805 [info] [Info  - 12:03:04 AM] (3539) scanned(8) 57 files over 1 exec env
2024-12-20 00:03:06.693 [info] [Info  - 12:03:06 AM] (3539) indexed(8) 57 files over 1 exec env
2024-12-20 00:03:06.810 [info] [Info  - 12:03:06 AM] (3539) Indexing finished(8).
2024-12-20 00:03:53.547 [info] [Info  - 12:03:53 AM] (3539) Auto-excluding /home/mjavad/Desktop/heyd/venv
2024-12-20 00:03:53.597 [info] [Info  - 12:03:53 AM] (3539) Found 70 source files
2024-12-20 00:07:08.356 [info] [Info  - 12:07:08 AM] (3539) Auto-excluding /home/mjavad/Desktop/heyd/venv
2024-12-20 00:07:08.410 [info] [Info  - 12:07:08 AM] (3539) Found 70 source files
2024-12-20 00:07:18.296 [info] [Info  - 12:07:18 AM] (3539) Indexer background runner(9) root directory: file:///root/.vscode/extensions/ms-python.vscode-pylance-2024.11.3/dist (refresh)
2024-12-20 00:07:18.299 [info] [Info  - 12:07:18 AM] (3539) Indexing(9) started
2024-12-20 00:07:20.485 [info] [Info  - 12:07:20 AM] (3539) [BG(1)] Long operation: checking: file:///home/mjavad/Desktop/heyd/heyd/config/celery.py (2072ms)
2024-12-20 00:07:20.488 [info] [Info  - 12:07:20 AM] (3539) [BG(1)] Long operation: analyzing: file:///home/mjavad/Desktop/heyd/heyd/config/celery.py (2076ms)
2024-12-20 00:07:22.019 [info] [Info  - 12:07:22 AM] (3539) [IDX(9)] Long operation: scan packages file:///home/mjavad/Desktop/heyd (3159ms)
2024-12-20 00:07:22.020 [info] [Info  - 12:07:22 AM] (3539) scanned(9) 57 files over 1 exec env
2024-12-20 00:07:22.627 [info] [Info  - 12:07:22 AM] (3539) indexed(9) 57 files over 1 exec env
2024-12-20 00:07:22.716 [info] [Info  - 12:07:22 AM] (3539) Indexing finished(9).
2024-12-20 00:09:09.203 [info] [Info  - 12:09:09 AM] (3539) Starting service instance "<default>"
2024-12-20 00:09:09.578 [info] [Info  - 12:09:09 AM] (3539) Setting environmentName for service "<default>": "3.12.3 (venv venv)"
2024-12-20 00:09:09.578 [info] [Info  - 12:09:09 AM] (3539) Setting pythonPath for service "<default>": "/home/mjavad/Desktop/heyd/venv/bin/python"
2024-12-20 00:09:09.580 [info] [Info  - 12:09:09 AM] (3539) No include entries specified; assuming /<default workspace root>
2024-12-20 00:09:09.586 [info] [Info  - 12:09:09 AM] (3539) Auto-excluding **/node_modules
2024-12-20 00:09:09.586 [info] [Info  - 12:09:09 AM] (3539) Auto-excluding **/__pycache__
2024-12-20 00:09:09.586 [info] [Info  - 12:09:09 AM] (3539) Auto-excluding **/.*
2024-12-20 00:09:09.686 [info] [Info  - 12:09:09 AM] (3539) Assuming Python version 3.12.3.final.0
2024-12-20 00:09:09.954 [info] [Error - 12:09:09 AM] (3539) File or directory "/<default workspace root>" does not exist.
2024-12-20 00:09:09.957 [info] [Info  - 12:09:09 AM] (3539) No source files found.
2024-12-20 00:09:12.349 [info] [Info  - 12:09:12 AM] (3539) Background analysis(10) root directory: file:///root/.vscode/extensions/ms-python.vscode-pylance-2024.11.3/dist
2024-12-20 00:09:12.357 [info] [Info  - 12:09:12 AM] (3539) Background analysis(10) started
