2024-12-19 23:25:29.921 [info] Experiment 'pythonRecommendTensorboardExt' is active
2024-12-19 23:25:29.921 [info] Experiment 'pythonTerminalEnvVarActivation' is active
2024-12-19 23:25:29.921 [info] Experiment 'pythonTestAdapter' is active
2024-12-19 23:25:29.921 [info] Native locator: Refresh started
2024-12-19 23:25:29.921 [info] Native locator: Refresh started
2024-12-19 23:25:29.921 [info] > pyenv which python
2024-12-19 23:25:29.921 [info] cwd: .
2024-12-19 23:25:31.784 [info] Native locator: Refresh finished in 10094 ms
2024-12-19 23:25:31.868 [info] Python interpreter path: ./venv/bin/python
2024-12-19 23:25:34.046 [info] > . ./venv/bin/activate && echo 'e8b39361-0157-4923-80e1-22d70d46dee6' && python ~/.vscode/extensions/ms-python.python-2024.20.0-linux-x64/python_files/printEnvVariables.py
2024-12-19 23:25:34.046 [info] shell: bash
2024-12-19 23:25:34.511 [info] > /bin/python3 ~/.vscode/extensions/ms-python.python-2024.20.0-linux-x64/python_files/printEnvVariables.py
2024-12-19 23:25:34.511 [info] shell: bash
2024-12-19 23:25:34.759 [info] Setting environment variable VIRTUAL_ENV in collection to /home/mjavad/Desktop/heyd/venv {"applyAtShellIntegration":true,"applyAtProcessCreation":true}
2024-12-19 23:25:34.759 [info] Setting environment variable VIRTUAL_ENV_PROMPT in collection to (venv)  {"applyAtShellIntegration":true,"applyAtProcessCreation":true}
2024-12-19 23:25:34.759 [info] Prepending environment variable PS1 in collection with (venv)  {"applyAtShellIntegration":true,"applyAtProcessCreation":false}
2024-12-19 23:25:34.759 [info] Prepending environment variable PATH in collection with /root/.vscode/extensions/ms-python.python-2024.20.0-linux-x64/python_files/deactivate/bash:/home/mjavad/Desktop/heyd/venv/bin: {"applyAtShellIntegration":true,"applyAtProcessCreation":true}
2024-12-19 23:25:34.781 [info] Send text to terminal: /bin/python3 /root/.vscode/extensions/ms-python.python-2024.20.0-linux-x64/python_files/printEnvVariablesToFile.py /root/.vscode/extensions/ms-python.python-2024.20.0-linux-x64/python_files/deactivate/bash/envVars.txt
2024-12-19 23:25:37.631 [info] Starting Pylance language server.
2024-12-19 23:54:45.595 [info] Discover tests for workspace name: heyd - uri: /home/mjavad/Desktop/heyd/manage.py
2024-12-19 23:55:02.007 [info] Discover tests for workspace name: heyd - uri: /home/mjavad/Desktop/heyd/manage.py
2024-12-19 23:57:40.995 [info] Discover tests for workspace name: undefined - uri: /home/mjavad/Desktop/heyd/~/.vscode-root/User/settings.json
2024-12-19 23:57:42.393 [info] Discover tests for workspace name: heyd - uri: /home/mjavad/Desktop/heyd/heyd/apps/dashboard/views.py
2024-12-19 23:57:44.004 [info] Discover tests for workspace name: undefined - uri: /home/mjavad/Desktop/heyd/~/.vscode-root/User/settings.json
2024-12-20 00:00:24.949 [info] Discover tests for workspace name: heyd - uri: /home/mjavad/Desktop/heyd/heyd/apps/users/apps.py
2024-12-20 00:00:30.024 [info] Discover tests for workspace name: heyd - uri: /home/mjavad/Desktop/heyd/heyd/apps/users/apps.py
2024-12-20 00:00:31.436 [info] Discover tests for workspace name: heyd - uri: /home/mjavad/Desktop/heyd/heyd/apps/users/apps.py
2024-12-20 00:00:32.747 [info] Discover tests for workspace name: heyd - uri: /home/mjavad/Desktop/heyd/heyd/apps/users/apps.py
2024-12-20 00:00:36.195 [info] Discover tests for workspace name: heyd - uri: /home/mjavad/Desktop/heyd/heyd/apps/users/apps.py
2024-12-20 00:00:51.935 [info] Discover tests for workspace name: heyd - uri: /home/mjavad/Desktop/heyd/heyd/apps/dashboard/apps.py
2024-12-20 00:00:53.127 [info] Discover tests for workspace name: heyd - uri: /home/mjavad/Desktop/heyd/heyd/apps/dashboard/apps.py
2024-12-20 00:01:07.627 [info] Discover tests for workspace name: heyd - uri: /home/mjavad/Desktop/heyd/heyd/apps/file_management/apps.py
2024-12-20 00:01:16.089 [info] Discover tests for workspace name: heyd - uri: /home/mjavad/Desktop/heyd/heyd/apps/notifications/apps.py
2024-12-20 00:01:26.860 [info] Discover tests for workspace name: heyd - uri: /home/mjavad/Desktop/heyd/heyd/apps/payments/apps.py
2024-12-20 00:01:38.805 [info] Discover tests for workspace name: heyd - uri: /home/mjavad/Desktop/heyd/heyd/apps/requests/apps.py
2024-12-20 00:06:32.654 [info] Discover tests for workspace name: heyd - uri: /home/mjavad/Desktop/heyd/heyd/config/settings.py
2024-12-20 00:07:57.162 [info] Discover tests for workspace name: heyd - uri: /home/mjavad/Desktop/heyd/heyd/config/settings.py
2024-12-20 00:08:23.563 [info] Discover tests for workspace name: heyd - uri: /home/mjavad/Desktop/heyd/heyd/config/settings.py
2024-12-20 00:09:06.687 [info] Discover tests for workspace name: heyd - uri: /home/mjavad/Desktop/heyd/heyd/config/settings.py
2024-12-20 00:09:09.671 [info] Discover tests for workspace name: heyd - uri: /home/mjavad/Desktop/heyd/heyd/config/settings.py
2024-12-20 00:10:18.621 [info] Discover tests for workspace name: heyd - uri: /home/mjavad/Desktop/heyd/heyd/config/settings.py
2024-12-20 00:10:40.263 [info] Discover tests for workspace name: heyd - uri: /home/mjavad/Desktop/heyd/heyd/config/settings.py
2024-12-20 00:10:42.032 [info] Discover tests for workspace name: heyd - uri: /home/mjavad/Desktop/heyd/heyd/config/settings.py
2024-12-20 00:11:25.097 [info] Discover tests for workspace name: heyd - uri: /home/mjavad/Desktop/heyd/heyd/config/settings.py
2024-12-20 00:12:02.523 [info] Discover tests for workspace name: heyd - uri: /home/mjavad/Desktop/heyd/heyd/config/settings.py
2024-12-20 00:12:03.650 [info] Discover tests for workspace name: heyd - uri: /home/mjavad/Desktop/heyd/heyd/config/settings.py
2024-12-20 00:12:05.261 [info] Discover tests for workspace name: heyd - uri: /home/mjavad/Desktop/heyd/heyd/config/settings.py
2024-12-20 00:12:38.988 [info] Discover tests for workspace name: heyd - uri: /home/mjavad/Desktop/heyd/heyd/config/settings.py
2024-12-20 00:12:41.285 [info] Discover tests for workspace name: heyd - uri: /home/mjavad/Desktop/heyd/heyd/config/settings.py
2024-12-20 00:13:05.702 [info] Discover tests for workspace name: heyd - uri: /home/mjavad/Desktop/heyd/heyd/config/settings.py
2024-12-20 00:13:26.282 [info] Discover tests for workspace name: heyd - uri: /home/mjavad/Desktop/heyd/heyd/config/settings.py
2024-12-20 00:17:01.663 [info] Discover tests for workspace name: heyd - uri: /home/mjavad/Desktop/heyd/heyd/config/settings.py
2024-12-20 00:17:19.613 [info] Discover tests for workspace name: heyd - uri: /home/mjavad/Desktop/heyd/heyd/config/settings.py
2024-12-20 00:28:55.253 [info] Discover tests for workspace name: heyd - uri: /home/mjavad/Desktop/heyd/heyd/config/settings.py
2024-12-20 00:28:56.486 [info] Discover tests for workspace name: heyd - uri: /home/mjavad/Desktop/heyd/heyd/config/settings.py
