2024-12-20 10:23:34.724 [info] (Client) Pylance async client (2024.12.1) started with python extension (2024.22.0)
2024-12-20 10:23:37.255 [info] [Info  - 10:23:37 AM] (3380) Server root directory: file:///root/.vscode/extensions/ms-python.vscode-pylance-2024.12.1/dist
2024-12-20 10:23:37.257 [info] [Info  - 10:23:37 AM] (3380) Pylance language server 2024.12.1 (pyright version 1.1.389, commit ce1325fc) starting
2024-12-20 10:23:37.267 [info] [Info  - 10:23:37 AM] (3380) Starting service instance "heyd"
2024-12-20 10:23:37.612 [info] [Info  - 10:23:37 AM] (3380) Setting environmentName for service "heyd": "3.12.3 (venv venv)"
2024-12-20 10:23:37.615 [info] [Info  - 10:23:37 AM] (3380) Setting pythonPath for service "heyd": "/home/mjavad/Desktop/heyd/venv/bin/python"
2024-12-20 10:23:37.621 [info] [Info  - 10:23:37 AM] (3380) No include entries specified; assuming /home/mjavad/Desktop/heyd
2024-12-20 10:23:37.623 [info] [Info  - 10:23:37 AM] (3380) Auto-excluding **/node_modules
2024-12-20 10:23:37.627 [info] [Info  - 10:23:37 AM] (3380) Auto-excluding **/__pycache__
2024-12-20 10:23:37.628 [info] [Info  - 10:23:37 AM] (3380) Auto-excluding **/.*
2024-12-20 10:23:37.721 [info] [Info  - 10:23:37 AM] (3380) Assuming Python version 3.12.3.final.0
2024-12-20 10:23:38.098 [info] [Info  - 10:23:38 AM] (3380) Auto-excluding /home/mjavad/Desktop/heyd/venv
2024-12-20 10:23:38.161 [info] [Info  - 10:23:38 AM] (3380) Found 70 source files
2024-12-20 10:23:39.255 [info] [Info  - 10:23:39 AM] (3380) Background analysis(1) root directory: file:///root/.vscode/extensions/ms-python.vscode-pylance-2024.12.1/dist
2024-12-20 10:23:39.262 [info] [Info  - 10:23:39 AM] (3380) Background analysis(1) started
2024-12-20 10:28:10.320 [info] [Info  - 10:28:10 AM] (3380) [BG(1)] Long operation: indexing: file:///home/mjavad/Desktop/heyd/manage.py (2951ms)
2024-12-20 10:28:12.460 [info] [Info  - 10:28:12 AM] (3380) Indexer background runner(2) root directory: file:///root/.vscode/extensions/ms-python.vscode-pylance-2024.12.1/dist (index)
2024-12-20 10:28:12.467 [info] [Info  - 10:28:12 AM] (3380) Indexing(2) started
2024-12-20 10:28:12.596 [info] [Info  - 10:28:12 AM] (3380) [BG(1)] Long operation: SemanticTokens full at file:///home/mjavad/Desktop/heyd/heyd/apps/requests/admin.py (2253ms)
2024-12-20 10:28:15.581 [info] [Info  - 10:28:15 AM] (3380) [IDX(2)] Long operation: scan packages file:///home/mjavad/Desktop/heyd (2684ms)
2024-12-20 10:28:15.581 [info] [Info  - 10:28:15 AM] (3380) scanned(2) 57 files over 1 exec env
2024-12-20 10:28:20.439 [info] [Info  - 10:28:20 AM] (3380) [IDX(2)] Long operation: index execution environment file:///home/mjavad/Desktop/heyd (4246ms)
2024-12-20 10:28:20.477 [info] [Info  - 10:28:20 AM] (3380) [IDX(2)] Long operation: index packages file:///home/mjavad/Desktop/heyd (4315ms)
2024-12-20 10:28:20.478 [info] [Info  - 10:28:20 AM] (3380) indexed(2) 57 files over 1 exec env
2024-12-20 10:28:20.552 [info] [Info  - 10:28:20 AM] (3380) Indexing finished(2).
2024-12-20 10:39:04.971 [info] [Info  - 10:39:04 AM] (3380) [BG(1)] Long operation: checking: file:///home/mjavad/Desktop/heyd/heyd/config/urls.py (2982ms)
2024-12-20 10:39:04.996 [info] [Info  - 10:39:04 AM] (3380) [BG(1)] Long operation: analyzing: file:///home/mjavad/Desktop/heyd/heyd/config/urls.py (2990ms)
2024-12-20 10:44:38.941 [info] [Info  - 10:44:38 AM] (3380) Starting service instance "<default>"
2024-12-20 10:44:39.123 [info] [Info  - 10:44:39 AM] (3380) Setting environmentName for service "<default>": "3.12.3 (venv venv)"
2024-12-20 10:44:39.125 [info] [Info  - 10:44:39 AM] (3380) Setting pythonPath for service "<default>": "/home/mjavad/Desktop/heyd/venv/bin/python"
2024-12-20 10:44:39.127 [info] [Info  - 10:44:39 AM] (3380) No include entries specified; assuming /<default workspace root>
2024-12-20 10:44:39.128 [info] [Info  - 10:44:39 AM] (3380) Auto-excluding **/node_modules
2024-12-20 10:44:39.130 [info] [Info  - 10:44:39 AM] (3380) Auto-excluding **/__pycache__
2024-12-20 10:44:39.132 [info] [Info  - 10:44:39 AM] (3380) Auto-excluding **/.*
2024-12-20 10:44:39.336 [info] [Info  - 10:44:39 AM] (3380) Assuming Python version 3.12.3.final.0
2024-12-20 10:44:39.732 [info] [Error - 10:44:39 AM] (3380) File or directory "/<default workspace root>" does not exist.
2024-12-20 10:44:39.745 [info] [Info  - 10:44:39 AM] (3380) No source files found.
2024-12-20 10:44:42.226 [info] [Info  - 10:44:42 AM] (3380) Background analysis(3) root directory: file:///root/.vscode/extensions/ms-python.vscode-pylance-2024.12.1/dist
2024-12-20 10:44:42.235 [info] [Info  - 10:44:42 AM] (3380) Background analysis(3) started
2024-12-20 10:47:47.895 [info] [Info  - 10:47:47 AM] (3380) Auto-excluding /home/mjavad/Desktop/heyd/venv
2024-12-20 10:47:47.963 [info] [Info  - 10:47:47 AM] (3380) Found 71 source files
2024-12-20 11:22:49.966 [info] [Info  - 11:22:49 AM] (3380) Auto-excluding /home/mjavad/Desktop/heyd/venv
2024-12-20 11:22:50.007 [info] [Info  - 11:22:50 AM] (3380) Found 71 source files
2024-12-20 11:51:25.467 [info] [Info  - 11:51:25 AM] (3380) Auto-excluding /home/mjavad/Desktop/heyd/venv
2024-12-20 11:51:25.510 [info] [Info  - 11:51:25 AM] (3380) Found 71 source files
