2024-12-19 20:49:15.023 [info] Experiment 'pythonRecommendTensorboardExt' is active
2024-12-19 20:49:15.025 [info] Experiment 'pythonTerminalEnvVarActivation' is active
2024-12-19 20:49:15.025 [info] Experiment 'pythonTestAdapter' is active
2024-12-19 20:49:15.158 [info] Native locator: Refresh started
2024-12-19 20:49:16.650 [info] Native locator: Refresh started
2024-12-19 20:49:17.049 [info] > pyenv which python
2024-12-19 20:49:17.049 [info] cwd: .
2024-12-19 20:49:17.706 [info] Native locator: Refresh finished in 2478 ms
2024-12-19 20:49:18.488 [info] Python interpreter path: ./venv/bin/python
2024-12-19 20:49:23.912 [warning] Shell integration may not be active, environment activated may be overridden by the shell.
2024-12-19 20:49:26.192 [info] Shell integration status changed, can confirm it's working.
2024-12-19 20:49:26.707 [info] > . ./venv/bin/activate && echo 'e8b39361-0157-4923-80e1-22d70d46dee6' && python ~/.vscode/extensions/ms-python.python-2024.20.0-linux-x64/python_files/printEnvVariables.py
2024-12-19 20:49:26.707 [info] shell: bash
2024-12-19 20:49:26.759 [info] > . ./venv/bin/activate && echo 'e8b39361-0157-4923-80e1-22d70d46dee6' && python ~/.vscode/extensions/ms-python.python-2024.20.0-linux-x64/python_files/printEnvVariables.py
2024-12-19 20:49:26.759 [info] shell: bash
2024-12-19 20:49:27.220 [info] > /bin/python3 ~/.vscode/extensions/ms-python.python-2024.20.0-linux-x64/python_files/printEnvVariables.py
2024-12-19 20:49:27.222 [info] shell: bash
2024-12-19 20:49:27.429 [info] > /bin/python3 ~/.vscode/extensions/ms-python.python-2024.20.0-linux-x64/python_files/printEnvVariables.py
2024-12-19 20:49:27.429 [info] shell: bash
2024-12-19 20:49:27.508 [info] Setting environment variable VIRTUAL_ENV in collection to /home/mjavad/Desktop/heyd/venv {"applyAtShellIntegration":true,"applyAtProcessCreation":true}
2024-12-19 20:49:27.508 [info] Setting environment variable VIRTUAL_ENV_PROMPT in collection to (venv)  {"applyAtShellIntegration":true,"applyAtProcessCreation":true}
2024-12-19 20:49:27.508 [info] Prepending environment variable PS1 in collection with (venv)  {"applyAtShellIntegration":true,"applyAtProcessCreation":false}
2024-12-19 20:49:27.508 [info] Prepending environment variable PATH in collection with /root/.vscode/extensions/ms-python.python-2024.20.0-linux-x64/python_files/deactivate/bash:/home/mjavad/Desktop/heyd/venv/bin: {"applyAtShellIntegration":true,"applyAtProcessCreation":true}
2024-12-19 20:49:27.533 [info] Send text to terminal: /bin/python3 /root/.vscode/extensions/ms-python.python-2024.20.0-linux-x64/python_files/printEnvVariablesToFile.py /root/.vscode/extensions/ms-python.python-2024.20.0-linux-x64/python_files/deactivate/bash/envVars.txt
2024-12-19 20:49:29.199 [info] Setting environment variable VIRTUAL_ENV in collection to /home/mjavad/Desktop/heyd/venv {"applyAtShellIntegration":true,"applyAtProcessCreation":true}
2024-12-19 20:49:29.203 [info] Setting environment variable VIRTUAL_ENV_PROMPT in collection to (venv)  {"applyAtShellIntegration":true,"applyAtProcessCreation":true}
2024-12-19 20:49:29.203 [info] Prepending environment variable PS1 in collection with (venv)  {"applyAtShellIntegration":true,"applyAtProcessCreation":false}
2024-12-19 20:49:29.203 [info] Prepending environment variable PATH in collection with /root/.vscode/extensions/ms-python.python-2024.20.0-linux-x64/python_files/deactivate/bash:/home/mjavad/Desktop/heyd/venv/bin: {"applyAtShellIntegration":true,"applyAtProcessCreation":true}
2024-12-19 20:49:32.679 [info] Starting Pylance language server.
