2024-12-20 17:04:55.743 [warning] Creation of workbench contribution 'workbench.contrib.updateExperimentalSettingsDefaults' took 34ms.
2024-12-20 17:04:57.639 [info] Started local extension host with pid 2881.
2024-12-20 17:05:09.056 [info] Settings Sync: Updating due to initialize
2024-12-20 17:05:09.064 [info] Settings Sync: Updating authentication providers. Authentication Providers from store: [{"id":"github","scopes":["user:email"]},{"id":"microsoft","scopes":["openid","profile","email","offline_access"]}]
2024-12-20 17:05:09.066 [info] Settings Sync: Authentication providers updated []
2024-12-20 17:05:09.771 [info] Settings Sync: Updating authentication providers. Authentication Providers from store: [{"id":"github","scopes":["user:email"]},{"id":"microsoft","scopes":["openid","profile","email","offline_access"]}]
2024-12-20 17:05:09.781 [info] Settings Sync: Authentication providers updated ["github"]
2024-12-20 17:05:09.786 [info] Settings Sync: Updating authentication providers. Authentication Providers from store: [{"id":"github","scopes":["user:email"]},{"id":"microsoft","scopes":["openid","profile","email","offline_access"]}]
2024-12-20 17:05:09.788 [info] Settings Sync: Authentication providers updated ["github"]
2024-12-20 17:05:09.796 [info] Settings Sync: Updating authentication providers. Authentication Providers from store: [{"id":"github","scopes":["user:email"]},{"id":"microsoft","scopes":["openid","profile","email","offline_access"]}]
2024-12-20 17:05:09.800 [info] Settings Sync: Authentication providers updated ["github","microsoft"]
2024-12-20 17:05:09.807 [info] Settings Sync: Updating authentication providers. Authentication Providers from store: [{"id":"github","scopes":["user:email"]},{"id":"microsoft","scopes":["openid","profile","email","offline_access"]}]
2024-12-20 17:05:09.809 [info] Settings Sync: Authentication providers updated ["github","microsoft"]
2024-12-20 17:05:09.829 [info] Settings Sync: Updating due to declared authentication providers changed
2024-12-20 17:05:09.833 [info] Settings Sync: Updating authentication providers. Authentication Providers from store: [{"id":"github","scopes":["user:email"]},{"id":"microsoft","scopes":["openid","profile","email","offline_access"]}]
2024-12-20 17:05:09.837 [info] Settings Sync: Authentication providers updated ["github","microsoft"]
2024-12-20 17:05:09.841 [info] Settings Sync: Updating due to declared authentication providers changed
2024-12-20 17:05:09.843 [info] Settings Sync: Updating authentication providers. Authentication Providers from store: [{"id":"github","scopes":["user:email"]},{"id":"microsoft","scopes":["openid","profile","email","offline_access"]}]
2024-12-20 17:05:09.844 [info] Settings Sync: Authentication providers updated ["github","microsoft"]
2024-12-20 17:05:15.717 [info] [perf] Render performance baseline is 390ms
2024-12-20 17:05:15.875 [info] Extension host (LocalProcess pid: 2881) is unresponsive.
2024-12-20 17:05:16.274 [info] Extension host (LocalProcess pid: 2881) is responsive.
2024-12-20 17:05:16.287 [info] UNRESPONSIVE extension host: received responsive event and cancelling profiling session
2024-12-20 17:05:18.730 [info] UNRESPONSIVE extension host: starting to profile NOW
