2024-12-19 23:25:30.727 [info] [main] Log level: Info
2024-12-19 23:25:30.727 [info] [main] Validating found git in: "git"
2024-12-19 23:25:30.727 [info] [main] Using git "2.43.0" from "git"
2024-12-19 23:25:30.727 [info] [Model][doInitialScan] Initial repository scan started
2024-12-19 23:25:30.727 [info] > git rev-parse --show-toplevel [111ms]
2024-12-19 23:25:30.727 [info] fatal: not a git repository (or any of the parent directories): .git
2024-12-19 23:25:30.728 [info] > git rev-parse --show-toplevel [54ms]
2024-12-19 23:25:30.728 [info] fatal: not a git repository (or any of the parent directories): .git
2024-12-19 23:25:30.918 [info] > git rev-parse --show-toplevel [85ms]
2024-12-19 23:25:30.919 [info] fatal: not a git repository (or any of the parent directories): .git
2024-12-19 23:25:31.146 [info] > git rev-parse --show-toplevel [183ms]
2024-12-19 23:25:31.146 [info] fatal: not a git repository (or any of the parent directories): .git
2024-12-19 23:25:31.215 [info] > git rev-parse --show-toplevel [20ms]
2024-12-19 23:25:31.215 [info] fatal: not a git repository (or any of the parent directories): .git
2024-12-19 23:25:31.300 [info] > git rev-parse --show-toplevel [39ms]
2024-12-19 23:25:31.300 [info] fatal: not a git repository (or any of the parent directories): .git
2024-12-19 23:25:31.366 [info] > git rev-parse --show-toplevel [20ms]
2024-12-19 23:25:31.366 [info] fatal: not a git repository (or any of the parent directories): .git
2024-12-19 23:25:31.456 [info] > git rev-parse --show-toplevel [29ms]
2024-12-19 23:25:31.457 [info] fatal: not a git repository (or any of the parent directories): .git
2024-12-19 23:25:31.558 [info] > git rev-parse --show-toplevel [28ms]
2024-12-19 23:25:31.558 [info] fatal: not a git repository (or any of the parent directories): .git
2024-12-19 23:25:31.607 [info] [Model][doInitialScan] Initial repository scan completed - repositories (0), closed repositories (0), parent repositories (0), unsafe repositories (0)
2024-12-19 23:26:01.483 [info] > git rev-parse --show-toplevel [20ms]
2024-12-19 23:26:01.483 [info] fatal: not a git repository (or any of the parent directories): .git
2024-12-19 23:26:19.827 [info] > git rev-parse --show-toplevel [18ms]
2024-12-19 23:26:19.827 [info] fatal: not a git repository (or any of the parent directories): .git
2024-12-19 23:26:38.595 [info] > git rev-parse --show-toplevel [29ms]
2024-12-19 23:26:38.595 [info] fatal: not a git repository (or any of the parent directories): .git
2024-12-19 23:26:56.425 [info] > git rev-parse --show-toplevel [18ms]
2024-12-19 23:26:56.425 [info] fatal: not a git repository (or any of the parent directories): .git
2024-12-19 23:27:20.010 [info] > git rev-parse --show-toplevel [29ms]
2024-12-19 23:27:20.010 [info] fatal: not a git repository (or any of the parent directories): .git
2024-12-19 23:27:32.281 [info] > git rev-parse --show-toplevel [8ms]
2024-12-19 23:27:32.281 [info] fatal: not a git repository (or any of the parent directories): .git
2024-12-19 23:27:39.981 [info] > git rev-parse --show-toplevel [13ms]
2024-12-19 23:27:39.981 [info] fatal: not a git repository (or any of the parent directories): .git
2024-12-19 23:27:57.195 [info] > git rev-parse --show-toplevel [20ms]
2024-12-19 23:27:57.195 [info] fatal: not a git repository (or any of the parent directories): .git
2024-12-19 23:28:08.034 [info] > git rev-parse --show-toplevel [7ms]
2024-12-19 23:28:08.034 [info] fatal: not a git repository (or any of the parent directories): .git
2024-12-19 23:28:17.482 [info] > git rev-parse --show-toplevel [10ms]
2024-12-19 23:28:17.482 [info] fatal: not a git repository (or any of the parent directories): .git
2024-12-19 23:28:25.639 [info] > git rev-parse --show-toplevel [17ms]
2024-12-19 23:28:25.639 [info] fatal: not a git repository (or any of the parent directories): .git
2024-12-19 23:28:35.834 [info] > git rev-parse --show-toplevel [24ms]
2024-12-19 23:28:35.834 [info] fatal: not a git repository (or any of the parent directories): .git
2024-12-19 23:29:02.957 [info] > git rev-parse --show-toplevel [14ms]
2024-12-19 23:29:02.958 [info] fatal: not a git repository (or any of the parent directories): .git
2024-12-19 23:29:11.084 [info] > git rev-parse --show-toplevel [15ms]
2024-12-19 23:29:11.084 [info] fatal: not a git repository (or any of the parent directories): .git
2024-12-19 23:29:20.524 [info] > git rev-parse --show-toplevel [17ms]
2024-12-19 23:29:20.524 [info] fatal: not a git repository (or any of the parent directories): .git
2024-12-19 23:29:44.520 [info] > git rev-parse --show-toplevel [28ms]
2024-12-19 23:29:44.520 [info] fatal: not a git repository (or any of the parent directories): .git
2024-12-19 23:29:53.618 [info] > git rev-parse --show-toplevel [6ms]
2024-12-19 23:29:53.618 [info] fatal: not a git repository (or any of the parent directories): .git
2024-12-19 23:30:05.277 [info] > git rev-parse --show-toplevel [11ms]
2024-12-19 23:30:05.277 [info] fatal: not a git repository (or any of the parent directories): .git
2024-12-19 23:30:14.715 [info] > git rev-parse --show-toplevel [15ms]
2024-12-19 23:30:14.716 [info] fatal: not a git repository (or any of the parent directories): .git
2024-12-19 23:30:28.729 [info] > git rev-parse --show-toplevel [18ms]
2024-12-19 23:30:28.729 [info] fatal: not a git repository (or any of the parent directories): .git
2024-12-19 23:30:37.921 [info] > git rev-parse --show-toplevel [21ms]
2024-12-19 23:30:37.921 [info] fatal: not a git repository (or any of the parent directories): .git
2024-12-19 23:31:00.507 [info] > git rev-parse --show-toplevel [22ms]
2024-12-19 23:31:00.507 [info] fatal: not a git repository (or any of the parent directories): .git
2024-12-19 23:31:09.333 [info] > git rev-parse --show-toplevel [11ms]
2024-12-19 23:31:09.333 [info] fatal: not a git repository (or any of the parent directories): .git
2024-12-19 23:32:24.634 [info] > git rev-parse --show-toplevel [26ms]
2024-12-19 23:32:24.634 [info] fatal: not a git repository (or any of the parent directories): .git
2024-12-19 23:32:40.168 [info] > git rev-parse --show-toplevel [26ms]
2024-12-19 23:32:40.168 [info] fatal: not a git repository (or any of the parent directories): .git
2024-12-19 23:32:58.312 [info] > git rev-parse --show-toplevel [183ms]
2024-12-19 23:32:58.312 [info] fatal: not a git repository (or any of the parent directories): .git
2024-12-19 23:33:38.306 [info] > git rev-parse --show-toplevel [16ms]
2024-12-19 23:33:38.324 [info] fatal: not a git repository (or any of the parent directories): .git
2024-12-19 23:33:52.175 [info] > git rev-parse --show-toplevel [16ms]
2024-12-19 23:33:52.175 [info] fatal: not a git repository (or any of the parent directories): .git
2024-12-19 23:33:55.885 [info] > git rev-parse --show-toplevel [13ms]
2024-12-19 23:33:55.885 [info] fatal: not a git repository (or any of the parent directories): .git
2024-12-19 23:34:44.068 [info] > git rev-parse --show-toplevel [7ms]
2024-12-19 23:34:44.068 [info] fatal: not a git repository (or any of the parent directories): .git
2024-12-19 23:35:09.794 [info] > git rev-parse --show-toplevel [18ms]
2024-12-19 23:35:09.794 [info] fatal: not a git repository (or any of the parent directories): .git
2024-12-19 23:35:58.902 [info] > git rev-parse --show-toplevel [11ms]
2024-12-19 23:35:58.902 [info] fatal: not a git repository (or any of the parent directories): .git
2024-12-19 23:36:28.596 [info] > git rev-parse --show-toplevel [34ms]
2024-12-19 23:36:28.596 [info] fatal: not a git repository (or any of the parent directories): .git
2024-12-19 23:36:37.106 [info] > git rev-parse --show-toplevel [35ms]
2024-12-19 23:36:37.106 [info] fatal: not a git repository (or any of the parent directories): .git
2024-12-19 23:37:09.473 [info] > git rev-parse --show-toplevel [21ms]
2024-12-19 23:37:09.473 [info] fatal: not a git repository (or any of the parent directories): .git
2024-12-19 23:37:20.678 [info] > git rev-parse --show-toplevel [11ms]
2024-12-19 23:37:20.678 [info] fatal: not a git repository (or any of the parent directories): .git
2024-12-19 23:37:49.988 [info] > git rev-parse --show-toplevel [17ms]
2024-12-19 23:37:49.988 [info] fatal: not a git repository (or any of the parent directories): .git
2024-12-19 23:39:39.422 [info] > git rev-parse --show-toplevel [16ms]
2024-12-19 23:39:39.422 [info] fatal: not a git repository (or any of the parent directories): .git
2024-12-19 23:40:16.645 [info] > git rev-parse --show-toplevel [9ms]
2024-12-19 23:40:16.645 [info] fatal: not a git repository (or any of the parent directories): .git
2024-12-19 23:40:45.437 [info] > git rev-parse --show-toplevel [10ms]
2024-12-19 23:40:45.438 [info] fatal: not a git repository (or any of the parent directories): .git
2024-12-19 23:43:42.299 [info] > git rev-parse --show-toplevel [4ms]
2024-12-19 23:43:42.300 [info] fatal: not a git repository (or any of the parent directories): .git
2024-12-19 23:44:00.900 [info] > git rev-parse --show-toplevel [12ms]
2024-12-19 23:44:00.900 [info] fatal: not a git repository (or any of the parent directories): .git
2024-12-19 23:44:20.129 [info] > git rev-parse --show-toplevel [48ms]
2024-12-19 23:44:20.131 [info] fatal: not a git repository (or any of the parent directories): .git
2024-12-19 23:44:59.431 [info] > git rev-parse --show-toplevel [12ms]
2024-12-19 23:44:59.431 [info] fatal: not a git repository (or any of the parent directories): .git
2024-12-19 23:45:08.400 [info] > git rev-parse --show-toplevel [4ms]
2024-12-19 23:45:08.401 [info] fatal: not a git repository (or any of the parent directories): .git
2024-12-19 23:45:30.957 [info] > git rev-parse --show-toplevel [6ms]
2024-12-19 23:45:30.958 [info] fatal: not a git repository (or any of the parent directories): .git
2024-12-19 23:45:48.141 [info] > git rev-parse --show-toplevel [9ms]
2024-12-19 23:45:48.141 [info] fatal: not a git repository (or any of the parent directories): .git
2024-12-19 23:46:05.799 [info] > git rev-parse --show-toplevel [5ms]
2024-12-19 23:46:05.799 [info] fatal: not a git repository (or any of the parent directories): .git
2024-12-19 23:46:21.976 [info] > git rev-parse --show-toplevel [11ms]
2024-12-19 23:46:21.976 [info] fatal: not a git repository (or any of the parent directories): .git
2024-12-19 23:46:35.370 [info] > git rev-parse --show-toplevel [9ms]
2024-12-19 23:46:35.370 [info] fatal: not a git repository (or any of the parent directories): .git
2024-12-19 23:46:54.164 [info] > git rev-parse --show-toplevel [13ms]
2024-12-19 23:46:54.166 [info] fatal: not a git repository (or any of the parent directories): .git
2024-12-19 23:47:13.308 [info] > git rev-parse --show-toplevel [7ms]
2024-12-19 23:47:13.308 [info] fatal: not a git repository (or any of the parent directories): .git
2024-12-19 23:47:16.571 [info] > git rev-parse --show-toplevel [14ms]
2024-12-19 23:47:16.571 [info] fatal: not a git repository (or any of the parent directories): .git
2024-12-19 23:48:49.183 [info] > git rev-parse --show-toplevel [6ms]
2024-12-19 23:48:49.183 [info] fatal: not a git repository (or any of the parent directories): .git
2024-12-19 23:53:36.317 [info] > git rev-parse --show-toplevel [31ms]
2024-12-19 23:53:36.317 [info] fatal: not a git repository (or any of the parent directories): .git
2024-12-19 23:57:18.589 [info] > git rev-parse --show-toplevel [11ms]
2024-12-19 23:57:18.589 [info] fatal: not a git repository (or any of the parent directories): .git
2024-12-19 23:57:41.016 [info] > git rev-parse --show-toplevel [46ms]
2024-12-19 23:57:41.016 [info] fatal: not a git repository (or any of the parent directories): .git
2024-12-19 23:58:09.403 [info] > git rev-parse --show-toplevel [11ms]
2024-12-19 23:58:09.403 [info] fatal: not a git repository (or any of the parent directories): .git
2024-12-20 00:00:21.194 [info] > git rev-parse --show-toplevel [40ms]
2024-12-20 00:00:21.194 [info] fatal: not a git repository (or any of the parent directories): .git
2024-12-20 00:00:47.203 [info] > git rev-parse --show-toplevel [9ms]
2024-12-20 00:00:47.203 [info] fatal: not a git repository (or any of the parent directories): .git
2024-12-20 00:01:01.936 [info] > git rev-parse --show-toplevel [20ms]
2024-12-20 00:01:01.936 [info] fatal: not a git repository (or any of the parent directories): .git
2024-12-20 00:01:12.301 [info] > git rev-parse --show-toplevel [7ms]
2024-12-20 00:01:12.301 [info] fatal: not a git repository (or any of the parent directories): .git
2024-12-20 00:01:21.545 [info] > git rev-parse --show-toplevel [4ms]
2024-12-20 00:01:21.545 [info] fatal: not a git repository (or any of the parent directories): .git
2024-12-20 00:01:27.641 [info] > git rev-parse --show-toplevel [8ms]
2024-12-20 00:01:27.642 [info] fatal: not a git repository (or any of the parent directories): .git
2024-12-20 00:01:35.186 [info] > git rev-parse --show-toplevel [16ms]
2024-12-20 00:01:35.186 [info] fatal: not a git repository (or any of the parent directories): .git
2024-12-20 00:06:19.823 [info] > git rev-parse --show-toplevel [27ms]
2024-12-20 00:06:19.823 [info] fatal: not a git repository (or any of the parent directories): .git
2024-12-20 00:44:42.865 [info] > git rev-parse --show-toplevel [74ms]
2024-12-20 00:44:42.867 [info] fatal: not a git repository (or any of the parent directories): .git
2024-12-20 00:45:26.126 [info] > git rev-parse --show-toplevel [7ms]
2024-12-20 00:45:26.127 [info] fatal: not a git repository (or any of the parent directories): .git
