2024-12-19 23:25:10.067 [warning] Creation of workbench contribution 'workbench.contrib.updateExperimentalSettingsDefaults' took 35ms.
2024-12-19 23:25:11.912 [info] Started local extension host with pid 3315.
2024-12-19 23:25:20.125 [info] Settings Sync: Updating due to initialize
2024-12-19 23:25:20.128 [info] Settings Sync: Updating authentication providers. Authentication Providers from store: [{"id":"github","scopes":["user:email"]},{"id":"microsoft","scopes":["openid","profile","email","offline_access"]}]
2024-12-19 23:25:20.129 [info] Settings Sync: Authentication providers updated []
2024-12-19 23:25:20.257 [info] Settings Sync: Updating authentication providers. Authentication Providers from store: [{"id":"github","scopes":["user:email"]},{"id":"microsoft","scopes":["openid","profile","email","offline_access"]}]
2024-12-19 23:25:20.258 [info] Settings Sync: Authentication providers updated ["github"]
2024-12-19 23:25:20.263 [info] Settings Sync: Updating authentication providers. Authentication Providers from store: [{"id":"github","scopes":["user:email"]},{"id":"microsoft","scopes":["openid","profile","email","offline_access"]}]
2024-12-19 23:25:20.264 [info] Settings Sync: Authentication providers updated ["github"]
2024-12-19 23:25:20.268 [info] Settings Sync: Updating authentication providers. Authentication Providers from store: [{"id":"github","scopes":["user:email"]},{"id":"microsoft","scopes":["openid","profile","email","offline_access"]}]
2024-12-19 23:25:20.271 [info] Settings Sync: Authentication providers updated ["github","microsoft"]
2024-12-19 23:25:20.272 [info] Settings Sync: Updating authentication providers. Authentication Providers from store: [{"id":"github","scopes":["user:email"]},{"id":"microsoft","scopes":["openid","profile","email","offline_access"]}]
2024-12-19 23:25:20.276 [info] Settings Sync: Authentication providers updated ["github","microsoft"]
2024-12-19 23:25:20.276 [info] Settings Sync: Updating due to declared authentication providers changed
2024-12-19 23:25:20.282 [info] Settings Sync: Updating authentication providers. Authentication Providers from store: [{"id":"github","scopes":["user:email"]},{"id":"microsoft","scopes":["openid","profile","email","offline_access"]}]
2024-12-19 23:25:20.284 [info] Settings Sync: Authentication providers updated ["github","microsoft"]
2024-12-19 23:25:20.285 [info] Settings Sync: Updating due to declared authentication providers changed
2024-12-19 23:25:20.286 [info] Settings Sync: Updating authentication providers. Authentication Providers from store: [{"id":"github","scopes":["user:email"]},{"id":"microsoft","scopes":["openid","profile","email","offline_access"]}]
2024-12-19 23:25:20.287 [info] Settings Sync: Authentication providers updated ["github","microsoft"]
2024-12-19 23:25:24.683 [info] [perf] Render performance baseline is 130ms
