2024-12-20 10:23:29.986 [info] [main] Log level: Info
2024-12-20 10:23:29.986 [info] [main] Validating found git in: "git"
2024-12-20 10:23:29.986 [info] [main] Using git "2.43.0" from "git"
2024-12-20 10:23:29.986 [info] [Model][doInitialScan] Initial repository scan started
2024-12-20 10:23:29.986 [info] > git rev-parse --show-toplevel [305ms]
2024-12-20 10:23:29.986 [info] fatal: not a git repository (or any of the parent directories): .git
2024-12-20 10:23:29.986 [info] > git rev-parse --show-toplevel [42ms]
2024-12-20 10:23:29.986 [info] fatal: not a git repository (or any of the parent directories): .git
2024-12-20 10:23:30.026 [info] > git rev-parse --show-toplevel [6ms]
2024-12-20 10:23:30.026 [info] fatal: not a git repository (or any of the parent directories): .git
2024-12-20 10:23:30.054 [info] > git rev-parse --show-toplevel [15ms]
2024-12-20 10:23:30.054 [info] fatal: not a git repository (or any of the parent directories): .git
2024-12-20 10:23:30.084 [info] > git rev-parse --show-toplevel [7ms]
2024-12-20 10:23:30.084 [info] fatal: not a git repository (or any of the parent directories): .git
2024-12-20 10:23:30.116 [info] > git rev-parse --show-toplevel [8ms]
2024-12-20 10:23:30.117 [info] fatal: not a git repository (or any of the parent directories): .git
2024-12-20 10:23:30.222 [info] > git rev-parse --show-toplevel [52ms]
2024-12-20 10:23:30.223 [info] fatal: not a git repository (or any of the parent directories): .git
2024-12-20 10:23:30.324 [info] > git rev-parse --show-toplevel [42ms]
2024-12-20 10:23:30.324 [info] fatal: not a git repository (or any of the parent directories): .git
2024-12-20 10:23:30.346 [info] > git rev-parse --show-toplevel [8ms]
2024-12-20 10:23:30.346 [info] fatal: not a git repository (or any of the parent directories): .git
2024-12-20 10:23:30.352 [info] [Model][doInitialScan] Initial repository scan completed - repositories (0), closed repositories (0), parent repositories (0), unsafe repositories (0)
2024-12-20 10:23:30.381 [info] > git rev-parse --show-toplevel [5ms]
2024-12-20 10:23:30.381 [info] fatal: not a git repository (or any of the parent directories): .git
2024-12-20 10:28:07.516 [info] > git rev-parse --show-toplevel [42ms]
2024-12-20 10:28:07.516 [info] fatal: not a git repository (or any of the parent directories): .git
2024-12-20 10:28:10.438 [info] > git rev-parse --show-toplevel [27ms]
2024-12-20 10:28:10.438 [info] fatal: not a git repository (or any of the parent directories): .git
2024-12-20 10:28:16.831 [info] > git rev-parse --show-toplevel [19ms]
2024-12-20 10:28:16.831 [info] fatal: not a git repository (or any of the parent directories): .git
2024-12-20 10:33:16.273 [info] > git rev-parse --show-toplevel [29ms]
2024-12-20 10:33:16.296 [info] fatal: not a git repository (or any of the parent directories): .git
2024-12-20 10:34:54.877 [info] > git rev-parse --show-toplevel [19ms]
2024-12-20 10:34:54.877 [info] fatal: not a git repository (or any of the parent directories): .git
2024-12-20 10:39:02.030 [info] > git rev-parse --show-toplevel [17ms]
2024-12-20 10:39:02.030 [info] fatal: not a git repository (or any of the parent directories): .git
2024-12-20 10:39:36.910 [info] > git rev-parse --show-toplevel [11ms]
2024-12-20 10:39:36.910 [info] fatal: not a git repository (or any of the parent directories): .git
2024-12-20 10:39:54.151 [info] > git rev-parse --show-toplevel [8ms]
2024-12-20 10:39:54.153 [info] fatal: not a git repository (or any of the parent directories): .git
2024-12-20 10:40:18.114 [info] > git rev-parse --show-toplevel [10ms]
2024-12-20 10:40:18.115 [info] fatal: not a git repository (or any of the parent directories): .git
2024-12-20 10:40:23.361 [info] > git rev-parse --show-toplevel [9ms]
2024-12-20 10:40:23.361 [info] fatal: not a git repository (or any of the parent directories): .git
2024-12-20 10:42:41.524 [info] > git rev-parse --show-toplevel [14ms]
2024-12-20 10:42:41.526 [info] fatal: not a git repository (or any of the parent directories): .git
2024-12-20 10:42:50.963 [info] > git rev-parse --show-toplevel [18ms]
2024-12-20 10:42:50.963 [info] fatal: not a git repository (or any of the parent directories): .git
2024-12-20 10:44:01.025 [info] > git rev-parse --show-toplevel [13ms]
2024-12-20 10:44:01.025 [info] fatal: not a git repository (or any of the parent directories): .git
2024-12-20 10:44:09.583 [info] > git rev-parse --show-toplevel [10ms]
2024-12-20 10:44:09.583 [info] fatal: not a git repository (or any of the parent directories): .git
2024-12-20 10:46:16.957 [info] > git rev-parse --show-toplevel [15ms]
2024-12-20 10:46:16.957 [info] fatal: not a git repository (or any of the parent directories): .git
2024-12-20 10:46:57.632 [info] > git rev-parse --show-toplevel [12ms]
2024-12-20 10:46:57.632 [info] fatal: not a git repository (or any of the parent directories): .git
2024-12-20 10:47:46.933 [info] > git rev-parse --show-toplevel [32ms]
2024-12-20 10:47:46.934 [info] fatal: not a git repository (or any of the parent directories): .git
2024-12-20 10:48:57.313 [info] > git rev-parse --show-toplevel [9ms]
2024-12-20 10:48:57.313 [info] fatal: not a git repository (or any of the parent directories): .git
2024-12-20 11:01:02.819 [info] > git rev-parse --show-toplevel [32ms]
2024-12-20 11:01:02.826 [info] fatal: not a git repository (or any of the parent directories): .git
2024-12-20 11:01:49.041 [info] > git rev-parse --show-toplevel [10ms]
2024-12-20 11:01:49.041 [info] fatal: not a git repository (or any of the parent directories): .git
2024-12-20 11:01:58.001 [info] > git rev-parse --show-toplevel [5ms]
2024-12-20 11:01:58.001 [info] fatal: not a git repository (or any of the parent directories): .git
2024-12-20 11:02:16.403 [info] > git rev-parse --show-toplevel [6ms]
2024-12-20 11:02:16.404 [info] fatal: not a git repository (or any of the parent directories): .git
2024-12-20 11:02:38.347 [info] > git rev-parse --show-toplevel [23ms]
2024-12-20 11:02:38.347 [info] fatal: not a git repository (or any of the parent directories): .git
2024-12-20 11:02:49.017 [info] > git rev-parse --show-toplevel [10ms]
2024-12-20 11:02:49.017 [info] fatal: not a git repository (or any of the parent directories): .git
2024-12-20 11:03:37.256 [info] > git rev-parse --show-toplevel [22ms]
2024-12-20 11:03:37.263 [info] fatal: not a git repository (or any of the parent directories): .git
2024-12-20 11:14:44.050 [info] > git rev-parse --show-toplevel [26ms]
2024-12-20 11:14:44.050 [info] fatal: not a git repository (or any of the parent directories): .git
2024-12-20 11:22:37.179 [info] > git rev-parse --show-toplevel [22ms]
2024-12-20 11:22:37.179 [info] fatal: not a git repository (or any of the parent directories): .git
2024-12-20 11:22:38.778 [info] > git rev-parse --show-toplevel [7ms]
2024-12-20 11:22:38.778 [info] fatal: not a git repository (or any of the parent directories): .git
2024-12-20 11:22:39.660 [info] > git rev-parse --show-toplevel [12ms]
2024-12-20 11:22:39.660 [info] fatal: not a git repository (or any of the parent directories): .git
2024-12-20 11:23:00.375 [info] > git rev-parse --show-toplevel [6ms]
2024-12-20 11:23:00.376 [info] fatal: not a git repository (or any of the parent directories): .git
2024-12-20 11:23:03.013 [info] > git rev-parse --show-toplevel [11ms]
2024-12-20 11:23:03.013 [info] fatal: not a git repository (or any of the parent directories): .git
2024-12-20 11:23:09.068 [info] > git rev-parse --show-toplevel [14ms]
2024-12-20 11:23:09.068 [info] fatal: not a git repository (or any of the parent directories): .git
2024-12-20 11:23:13.157 [info] > git rev-parse --show-toplevel [19ms]
2024-12-20 11:23:13.157 [info] fatal: not a git repository (or any of the parent directories): .git
2024-12-20 11:23:58.886 [info] > git rev-parse --show-toplevel [22ms]
2024-12-20 11:23:58.886 [info] fatal: not a git repository (or any of the parent directories): .git
2024-12-20 11:24:23.102 [info] > git rev-parse --show-toplevel [13ms]
2024-12-20 11:24:23.105 [info] fatal: not a git repository (or any of the parent directories): .git
2024-12-20 11:24:35.601 [info] > git rev-parse --show-toplevel [29ms]
2024-12-20 11:24:35.601 [info] fatal: not a git repository (or any of the parent directories): .git
2024-12-20 11:24:42.260 [info] > git rev-parse --show-toplevel [8ms]
2024-12-20 11:24:42.261 [info] fatal: not a git repository (or any of the parent directories): .git
2024-12-20 11:24:49.845 [info] > git rev-parse --show-toplevel [4ms]
2024-12-20 11:24:49.845 [info] fatal: not a git repository (or any of the parent directories): .git
2024-12-20 11:24:54.063 [info] > git rev-parse --show-toplevel [11ms]
2024-12-20 11:24:54.064 [info] fatal: not a git repository (or any of the parent directories): .git
2024-12-20 11:25:06.866 [info] > git rev-parse --show-toplevel [30ms]
2024-12-20 11:25:06.866 [info] fatal: not a git repository (or any of the parent directories): .git
2024-12-20 11:25:23.390 [info] > git rev-parse --show-toplevel [4ms]
2024-12-20 11:25:23.390 [info] fatal: not a git repository (or any of the parent directories): .git
2024-12-20 11:49:16.932 [info] > git rev-parse --show-toplevel [11ms]
2024-12-20 11:49:16.933 [info] fatal: not a git repository (or any of the parent directories): .git
2024-12-20 11:49:51.062 [info] > git rev-parse --show-toplevel [7ms]
2024-12-20 11:49:51.062 [info] fatal: not a git repository (or any of the parent directories): .git
2024-12-20 11:51:28.047 [info] > git rev-parse --show-toplevel [13ms]
2024-12-20 11:51:28.047 [info] fatal: not a git repository (or any of the parent directories): .git
2024-12-20 11:51:28.715 [info] > git rev-parse --show-toplevel [19ms]
2024-12-20 11:51:28.715 [info] fatal: not a git repository (or any of the parent directories): .git
2024-12-20 11:51:32.999 [info] > git rev-parse --show-toplevel [6ms]
2024-12-20 11:51:32.999 [info] fatal: not a git repository (or any of the parent directories): .git
