2024-12-22 19:19:47.351 [info] Extension host with pid 3374 started
2024-12-22 19:19:47.351 [info] Skipping acquiring lock for /home/mjavad/Desktop/heyd-w/~/.vscode-root/User/workspaceStorage/eb81370417a9004205df34dd51262cb2.
2024-12-22 19:19:47.666 [info] ExtensionService#_doActivateExtension vscode.git-base, startup: true, activationEvent: '*', root cause: vscode.git
2024-12-22 19:19:47.726 [info] ExtensionService#_doActivateExtension ms-python.python, startup: true, activationEvent: 'workspaceContains:manage.py'
2024-12-22 19:19:50.154 [info] ExtensionService#_doActivateExtension vscode.git, startup: true, activationEvent: '*'
2024-12-22 19:19:51.438 [info] ExtensionService#_doActivateExtension vscode.github, startup: true, activationEvent: '*'
2024-12-22 19:19:54.429 [info] Eager extensions activated
2024-12-22 19:19:55.197 [info] ExtensionService#_doActivateExtension vscode.debug-auto-launch, startup: false, activationEvent: 'onStartupFinished'
2024-12-22 19:19:55.212 [info] ExtensionService#_doActivateExtension vscode.merge-conflict, startup: false, activationEvent: 'onStartupFinished'
2024-12-22 19:19:56.640 [info] ExtensionService#_doActivateExtension vscode.emmet, startup: false, activationEvent: 'onLanguage'
2024-12-22 19:19:57.430 [info] ExtensionService#_doActivateExtension ms-python.vscode-pylance, startup: false, activationEvent: 'api', root cause: ms-python.python
2024-12-22 19:20:05.331 [info] ExtensionService#_doActivateExtension vscode.html-language-features, startup: false, activationEvent: 'onLanguage:html'
2024-12-22 19:20:06.056 [info] ExtensionService#_doActivateExtension vscode.github-authentication, startup: false, activationEvent: 'onAuthenticationRequest:github'
2024-12-22 19:27:16.714 [warning] [Decorations] CAPPING events from decorations provider vscode.git 757
2024-12-22 19:27:19.559 [info] ExtensionService#_doActivateExtension ms-python.debugpy, startup: false, activationEvent: 'onLanguage:python'
2024-12-22 19:27:24.062 [warning] [Decorations] CAPPING events from decorations provider vscode.git 758
2024-12-22 19:27:31.095 [warning] [Decorations] CAPPING events from decorations provider vscode.git 759
2024-12-22 19:27:36.886 [warning] [Decorations] CAPPING events from decorations provider vscode.git 760
2024-12-22 19:27:47.611 [warning] [Decorations] CAPPING events from decorations provider vscode.git 760
2024-12-22 19:27:54.223 [warning] [Decorations] CAPPING events from decorations provider vscode.git 761
2024-12-22 19:28:00.011 [warning] [Decorations] CAPPING events from decorations provider vscode.git 761
2024-12-22 19:28:06.594 [warning] [Decorations] CAPPING events from decorations provider vscode.git 761
2024-12-22 19:38:15.052 [warning] [Decorations] CAPPING events from decorations provider vscode.git 766
2024-12-22 19:38:20.745 [warning] [Decorations] CAPPING events from decorations provider vscode.git 766
2024-12-22 19:38:26.493 [warning] [Decorations] CAPPING events from decorations provider vscode.git 766
2024-12-22 19:38:32.318 [warning] [Decorations] CAPPING events from decorations provider vscode.git 766
2024-12-22 19:38:38.756 [warning] [Decorations] CAPPING events from decorations provider vscode.git 766
2024-12-22 19:38:44.454 [warning] [Decorations] CAPPING events from decorations provider vscode.git 766
2024-12-22 19:38:51.024 [warning] [Decorations] CAPPING events from decorations provider vscode.git 767
2024-12-22 19:40:17.958 [warning] [Decorations] CAPPING events from decorations provider vscode.git 770
2024-12-22 19:40:24.370 [warning] [Decorations] CAPPING events from decorations provider vscode.git 770
2024-12-22 19:40:30.821 [warning] [Decorations] CAPPING events from decorations provider vscode.git 770
2024-12-22 19:40:37.204 [warning] [Decorations] CAPPING events from decorations provider vscode.git 771
2024-12-22 19:40:43.521 [warning] [Decorations] CAPPING events from decorations provider vscode.git 771
2024-12-22 19:41:28.691 [warning] [Decorations] CAPPING events from decorations provider vscode.git 771
2024-12-22 19:42:55.787 [warning] [Decorations] CAPPING events from decorations provider vscode.git 772
2024-12-22 19:43:02.466 [warning] [Decorations] CAPPING events from decorations provider vscode.git 772
2024-12-22 19:43:08.847 [warning] [Decorations] CAPPING events from decorations provider vscode.git 772
2024-12-22 19:43:14.930 [warning] [Decorations] CAPPING events from decorations provider vscode.git 772
2024-12-22 19:43:21.031 [warning] [Decorations] CAPPING events from decorations provider vscode.git 772
2024-12-22 19:44:04.710 [warning] [Decorations] CAPPING events from decorations provider vscode.git 773
2024-12-22 19:44:11.550 [warning] [Decorations] CAPPING events from decorations provider vscode.git 773
2024-12-22 19:44:18.845 [warning] [Decorations] CAPPING events from decorations provider vscode.git 774
2024-12-22 19:44:28.285 [warning] [Decorations] CAPPING events from decorations provider vscode.git 774
2024-12-22 19:49:09.983 [warning] [Decorations] CAPPING events from decorations provider vscode.git 774
2024-12-22 19:49:16.303 [warning] [Decorations] CAPPING events from decorations provider vscode.git 774
2024-12-22 19:49:22.436 [warning] [Decorations] CAPPING events from decorations provider vscode.git 774
2024-12-22 19:49:28.826 [warning] [Decorations] CAPPING events from decorations provider vscode.git 774
2024-12-22 19:50:05.526 [warning] [Decorations] CAPPING events from decorations provider vscode.git 774
2024-12-22 19:50:11.345 [warning] [Decorations] CAPPING events from decorations provider vscode.git 774
2024-12-22 19:50:18.493 [warning] [Decorations] CAPPING events from decorations provider vscode.git 775
2024-12-22 19:50:25.105 [warning] [Decorations] CAPPING events from decorations provider vscode.git 775
2024-12-22 19:52:14.835 [warning] [Decorations] CAPPING events from decorations provider vscode.git 775
2024-12-22 19:52:21.132 [warning] [Decorations] CAPPING events from decorations provider vscode.git 775
2024-12-22 19:52:27.397 [warning] [Decorations] CAPPING events from decorations provider vscode.git 775
2024-12-22 19:52:34.600 [warning] [Decorations] CAPPING events from decorations provider vscode.git 775
2024-12-22 19:52:41.086 [warning] [Decorations] CAPPING events from decorations provider vscode.git 775
2024-12-22 19:52:47.327 [warning] [Decorations] CAPPING events from decorations provider vscode.git 775
2024-12-22 19:52:53.446 [warning] [Decorations] CAPPING events from decorations provider vscode.git 775
2024-12-22 19:52:59.716 [warning] [Decorations] CAPPING events from decorations provider vscode.git 775
2024-12-22 19:53:06.149 [warning] [Decorations] CAPPING events from decorations provider vscode.git 775
2024-12-22 19:53:12.291 [warning] [Decorations] CAPPING events from decorations provider vscode.git 775
2024-12-22 19:53:18.397 [warning] [Decorations] CAPPING events from decorations provider vscode.git 775
2024-12-22 19:53:24.908 [warning] [Decorations] CAPPING events from decorations provider vscode.git 775
2024-12-22 19:53:33.611 [warning] [Decorations] CAPPING events from decorations provider vscode.git 775
2024-12-22 19:53:39.752 [warning] [Decorations] CAPPING events from decorations provider vscode.git 775
2024-12-22 19:53:45.968 [warning] [Decorations] CAPPING events from decorations provider vscode.git 775
2024-12-22 19:53:52.209 [warning] [Decorations] CAPPING events from decorations provider vscode.git 775
2024-12-22 19:53:58.329 [warning] [Decorations] CAPPING events from decorations provider vscode.git 775
2024-12-22 19:54:04.446 [warning] [Decorations] CAPPING events from decorations provider vscode.git 775
2024-12-22 19:54:10.605 [warning] [Decorations] CAPPING events from decorations provider vscode.git 775
2024-12-22 19:54:16.747 [warning] [Decorations] CAPPING events from decorations provider vscode.git 775
2024-12-22 19:54:22.954 [warning] [Decorations] CAPPING events from decorations provider vscode.git 775
2024-12-22 19:54:29.231 [warning] [Decorations] CAPPING events from decorations provider vscode.git 775
2024-12-22 19:54:35.411 [warning] [Decorations] CAPPING events from decorations provider vscode.git 775
2024-12-22 19:54:42.452 [warning] [Decorations] CAPPING events from decorations provider vscode.git 775
2024-12-22 19:54:48.617 [warning] [Decorations] CAPPING events from decorations provider vscode.git 775
2024-12-22 19:54:54.986 [warning] [Decorations] CAPPING events from decorations provider vscode.git 775
2024-12-22 19:55:01.146 [warning] [Decorations] CAPPING events from decorations provider vscode.git 775
2024-12-22 19:55:07.402 [warning] [Decorations] CAPPING events from decorations provider vscode.git 775
2024-12-22 19:55:13.533 [warning] [Decorations] CAPPING events from decorations provider vscode.git 775
2024-12-22 19:55:19.758 [warning] [Decorations] CAPPING events from decorations provider vscode.git 775
2024-12-22 19:55:26.041 [warning] [Decorations] CAPPING events from decorations provider vscode.git 775
2024-12-22 19:55:32.189 [warning] [Decorations] CAPPING events from decorations provider vscode.git 775
2024-12-22 19:55:38.553 [warning] [Decorations] CAPPING events from decorations provider vscode.git 775
2024-12-22 19:56:24.008 [warning] [Decorations] CAPPING events from decorations provider vscode.git 775
2024-12-22 19:56:30.258 [warning] [Decorations] CAPPING events from decorations provider vscode.git 775
2024-12-22 19:56:36.495 [warning] [Decorations] CAPPING events from decorations provider vscode.git 775
2024-12-22 19:56:43.167 [warning] [Decorations] CAPPING events from decorations provider vscode.git 775
2024-12-22 19:56:49.290 [warning] [Decorations] CAPPING events from decorations provider vscode.git 775
2024-12-22 19:56:55.507 [warning] [Decorations] CAPPING events from decorations provider vscode.git 775
2024-12-22 19:57:01.674 [warning] [Decorations] CAPPING events from decorations provider vscode.git 775
2024-12-22 19:57:07.953 [warning] [Decorations] CAPPING events from decorations provider vscode.git 775
2024-12-22 19:57:14.122 [warning] [Decorations] CAPPING events from decorations provider vscode.git 775
2024-12-22 19:57:20.284 [warning] [Decorations] CAPPING events from decorations provider vscode.git 775
2024-12-22 19:57:26.396 [warning] [Decorations] CAPPING events from decorations provider vscode.git 775
2024-12-22 19:57:32.529 [warning] [Decorations] CAPPING events from decorations provider vscode.git 775
2024-12-22 19:57:38.717 [warning] [Decorations] CAPPING events from decorations provider vscode.git 775
2024-12-22 19:57:44.954 [warning] [Decorations] CAPPING events from decorations provider vscode.git 775
2024-12-22 19:57:51.133 [warning] [Decorations] CAPPING events from decorations provider vscode.git 775
2024-12-22 19:57:59.065 [warning] [Decorations] CAPPING events from decorations provider vscode.git 775
2024-12-22 19:58:05.387 [warning] [Decorations] CAPPING events from decorations provider vscode.git 775
2024-12-22 19:58:12.461 [warning] [Decorations] CAPPING events from decorations provider vscode.git 775
2024-12-22 19:58:19.468 [warning] [Decorations] CAPPING events from decorations provider vscode.git 776
2024-12-22 19:58:28.594 [warning] [Decorations] CAPPING events from decorations provider vscode.git 777
2024-12-22 19:58:35.781 [warning] [Decorations] CAPPING events from decorations provider vscode.git 777
2024-12-22 19:58:44.572 [warning] [Decorations] CAPPING events from decorations provider vscode.git 777
2024-12-22 19:58:52.776 [warning] [Decorations] CAPPING events from decorations provider vscode.git 778
2024-12-22 19:59:01.463 [warning] [Decorations] CAPPING events from decorations provider vscode.git 779
2024-12-22 20:06:07.934 [warning] [Decorations] CAPPING events from decorations provider vscode.git 791
2024-12-22 20:06:14.876 [warning] [Decorations] CAPPING events from decorations provider vscode.git 792
2024-12-22 20:06:54.082 [warning] [Decorations] CAPPING events from decorations provider vscode.git 794
2024-12-22 20:07:00.453 [warning] [Decorations] CAPPING events from decorations provider vscode.git 794
2024-12-22 20:07:06.772 [warning] [Decorations] CAPPING events from decorations provider vscode.git 794
2024-12-22 20:07:20.602 [warning] [Decorations] CAPPING events from decorations provider vscode.git 794
2024-12-22 20:07:26.306 [warning] [Decorations] CAPPING events from decorations provider vscode.git 794
2024-12-22 20:07:32.690 [warning] [Decorations] CAPPING events from decorations provider vscode.git 795
2024-12-22 20:07:54.143 [warning] [Decorations] CAPPING events from decorations provider vscode.git 797
2024-12-22 20:08:49.364 [warning] [Decorations] CAPPING events from decorations provider vscode.git 797
2024-12-22 20:08:56.505 [warning] [Decorations] CAPPING events from decorations provider vscode.git 797
2024-12-22 20:09:02.643 [warning] [Decorations] CAPPING events from decorations provider vscode.git 797
2024-12-22 20:09:09.062 [warning] [Decorations] CAPPING events from decorations provider vscode.git 797
2024-12-22 20:09:16.213 [warning] [Decorations] CAPPING events from decorations provider vscode.git 798
2024-12-22 20:09:22.804 [warning] [Decorations] CAPPING events from decorations provider vscode.git 798
2024-12-22 20:09:28.997 [warning] [Decorations] CAPPING events from decorations provider vscode.git 798
2024-12-22 20:09:36.205 [warning] [Decorations] CAPPING events from decorations provider vscode.git 799
2024-12-22 20:09:42.781 [warning] [Decorations] CAPPING events from decorations provider vscode.git 799
2024-12-22 20:09:48.972 [warning] [Decorations] CAPPING events from decorations provider vscode.git 799
2024-12-22 20:09:55.176 [warning] [Decorations] CAPPING events from decorations provider vscode.git 799
2024-12-22 20:10:01.326 [warning] [Decorations] CAPPING events from decorations provider vscode.git 799
2024-12-22 20:10:08.151 [warning] [Decorations] CAPPING events from decorations provider vscode.git 800
2024-12-22 20:10:14.407 [warning] [Decorations] CAPPING events from decorations provider vscode.git 800
2024-12-22 20:10:20.513 [warning] [Decorations] CAPPING events from decorations provider vscode.git 800
2024-12-22 20:10:26.710 [warning] [Decorations] CAPPING events from decorations provider vscode.git 800
2024-12-22 20:10:33.649 [warning] [Decorations] CAPPING events from decorations provider vscode.git 801
2024-12-22 20:10:39.954 [warning] [Decorations] CAPPING events from decorations provider vscode.git 801
2024-12-22 20:10:46.082 [warning] [Decorations] CAPPING events from decorations provider vscode.git 801
2024-12-22 20:10:52.292 [warning] [Decorations] CAPPING events from decorations provider vscode.git 801
2024-12-22 20:11:02.012 [warning] [Decorations] CAPPING events from decorations provider vscode.git 802
2024-12-22 20:11:09.832 [warning] [Decorations] CAPPING events from decorations provider vscode.git 803
2024-12-22 20:12:38.719 [warning] [Decorations] CAPPING events from decorations provider vscode.git 803
2024-12-22 20:12:46.804 [warning] [Decorations] CAPPING events from decorations provider vscode.git 802
2024-12-22 20:13:21.722 [warning] [Decorations] CAPPING events from decorations provider vscode.git 802
2024-12-22 20:13:28.654 [warning] [Decorations] CAPPING events from decorations provider vscode.git 802
2024-12-22 20:14:03.053 [warning] [Decorations] CAPPING events from decorations provider vscode.git 804
2024-12-22 20:14:09.136 [warning] [Decorations] CAPPING events from decorations provider vscode.git 804
2024-12-22 20:15:25.662 [warning] [Decorations] CAPPING events from decorations provider vscode.git 807
2024-12-22 20:15:32.252 [warning] [Decorations] CAPPING events from decorations provider vscode.git 807
2024-12-22 20:15:38.553 [warning] [Decorations] CAPPING events from decorations provider vscode.git 807
2024-12-22 20:15:45.015 [warning] [Decorations] CAPPING events from decorations provider vscode.git 807
2024-12-22 20:15:51.603 [warning] [Decorations] CAPPING events from decorations provider vscode.git 807
2024-12-22 20:16:16.041 [warning] [Decorations] CAPPING events from decorations provider vscode.git 809
2024-12-22 20:16:22.219 [warning] [Decorations] CAPPING events from decorations provider vscode.git 809
2024-12-22 20:16:28.394 [warning] [Decorations] CAPPING events from decorations provider vscode.git 809
2024-12-22 20:16:34.495 [warning] [Decorations] CAPPING events from decorations provider vscode.git 809
2024-12-22 20:16:40.547 [warning] [Decorations] CAPPING events from decorations provider vscode.git 809
2024-12-22 20:16:46.764 [warning] [Decorations] CAPPING events from decorations provider vscode.git 809
2024-12-22 20:17:29.663 [warning] [Decorations] CAPPING events from decorations provider vscode.git 809
2024-12-22 20:17:35.826 [warning] [Decorations] CAPPING events from decorations provider vscode.git 809
2024-12-22 20:17:42.413 [warning] [Decorations] CAPPING events from decorations provider vscode.git 809
2024-12-22 20:17:48.591 [warning] [Decorations] CAPPING events from decorations provider vscode.git 809
2024-12-22 20:17:54.708 [warning] [Decorations] CAPPING events from decorations provider vscode.git 809
2024-12-22 20:18:00.901 [warning] [Decorations] CAPPING events from decorations provider vscode.git 809
2024-12-22 20:18:07.614 [warning] [Decorations] CAPPING events from decorations provider vscode.git 809
2024-12-22 20:18:13.778 [warning] [Decorations] CAPPING events from decorations provider vscode.git 809
2024-12-22 20:18:19.946 [warning] [Decorations] CAPPING events from decorations provider vscode.git 809
2024-12-22 20:18:26.177 [warning] [Decorations] CAPPING events from decorations provider vscode.git 809
2024-12-22 20:18:32.398 [warning] [Decorations] CAPPING events from decorations provider vscode.git 809
2024-12-22 20:18:38.515 [warning] [Decorations] CAPPING events from decorations provider vscode.git 809
2024-12-22 20:18:44.686 [warning] [Decorations] CAPPING events from decorations provider vscode.git 809
2024-12-22 20:18:50.835 [warning] [Decorations] CAPPING events from decorations provider vscode.git 809
2024-12-22 20:18:56.952 [warning] [Decorations] CAPPING events from decorations provider vscode.git 809
2024-12-22 20:19:03.052 [warning] [Decorations] CAPPING events from decorations provider vscode.git 809
2024-12-22 20:19:09.725 [warning] [Decorations] CAPPING events from decorations provider vscode.git 809
2024-12-22 20:19:16.174 [warning] [Decorations] CAPPING events from decorations provider vscode.git 811
2024-12-22 20:19:23.957 [warning] [Decorations] CAPPING events from decorations provider vscode.git 811
2024-12-22 20:19:30.143 [warning] [Decorations] CAPPING events from decorations provider vscode.git 811
2024-12-22 20:19:36.526 [warning] [Decorations] CAPPING events from decorations provider vscode.git 811
2024-12-22 20:19:43.561 [warning] [Decorations] CAPPING events from decorations provider vscode.git 811
2024-12-22 20:19:49.766 [warning] [Decorations] CAPPING events from decorations provider vscode.git 811
2024-12-22 20:19:55.904 [warning] [Decorations] CAPPING events from decorations provider vscode.git 811
2024-12-22 20:20:02.855 [warning] [Decorations] CAPPING events from decorations provider vscode.git 812
2024-12-22 20:20:10.390 [warning] [Decorations] CAPPING events from decorations provider vscode.git 812
2024-12-22 20:20:16.723 [warning] [Decorations] CAPPING events from decorations provider vscode.git 812
2024-12-22 20:20:23.763 [warning] [Decorations] CAPPING events from decorations provider vscode.git 812
2024-12-22 20:20:29.901 [warning] [Decorations] CAPPING events from decorations provider vscode.git 812
2024-12-22 20:20:36.307 [warning] [Decorations] CAPPING events from decorations provider vscode.git 813
2024-12-22 20:20:42.463 [warning] [Decorations] CAPPING events from decorations provider vscode.git 813
2024-12-22 20:20:48.887 [warning] [Decorations] CAPPING events from decorations provider vscode.git 814
