2024-12-20 17:05:11.431 [info] [main] Log level: Info
2024-12-20 17:05:11.431 [info] [main] Validating found git in: "git"
2024-12-20 17:05:11.431 [info] [main] Using git "2.43.0" from "git"
2024-12-20 17:05:11.431 [info] [Model][doInitialScan] Initial repository scan started
2024-12-20 17:05:11.431 [info] > git rev-parse --show-toplevel [27ms]
2024-12-20 17:05:11.432 [info] fatal: not a git repository (or any of the parent directories): .git
2024-12-20 17:05:11.432 [info] > git rev-parse --show-toplevel [63ms]
2024-12-20 17:05:11.432 [info] fatal: not a git repository (or any of the parent directories): .git
2024-12-20 17:05:11.552 [info] > git rev-parse --show-toplevel [18ms]
2024-12-20 17:05:11.552 [info] fatal: not a git repository (or any of the parent directories): .git
2024-12-20 17:05:11.611 [info] > git rev-parse --show-toplevel [16ms]
2024-12-20 17:05:11.611 [info] fatal: not a git repository (or any of the parent directories): .git
2024-12-20 17:05:11.652 [info] > git rev-parse --show-toplevel [6ms]
2024-12-20 17:05:11.652 [info] fatal: not a git repository (or any of the parent directories): .git
2024-12-20 17:05:11.700 [info] > git rev-parse --show-toplevel [12ms]
2024-12-20 17:05:11.700 [info] fatal: not a git repository (or any of the parent directories): .git
2024-12-20 17:05:11.737 [info] > git rev-parse --show-toplevel [5ms]
2024-12-20 17:05:11.737 [info] fatal: not a git repository (or any of the parent directories): .git
2024-12-20 17:05:11.773 [info] > git rev-parse --show-toplevel [6ms]
2024-12-20 17:05:11.773 [info] fatal: not a git repository (or any of the parent directories): .git
2024-12-20 17:05:12.057 [info] > git rev-parse --show-toplevel [66ms]
2024-12-20 17:05:12.057 [info] fatal: not a git repository (or any of the parent directories): .git
2024-12-20 17:05:12.075 [info] [Model][doInitialScan] Initial repository scan completed - repositories (0), closed repositories (0), parent repositories (0), unsafe repositories (0)
2024-12-20 17:05:12.392 [info] > git rev-parse --show-toplevel [266ms]
2024-12-20 17:05:12.392 [info] fatal: not a git repository (or any of the parent directories): .git
2024-12-20 17:05:19.383 [info] > git rev-parse --show-toplevel [261ms]
2024-12-20 17:05:19.385 [info] fatal: not a git repository (or any of the parent directories): .git
2024-12-20 17:05:19.470 [info] > git rev-parse --show-toplevel [16ms]
2024-12-20 17:05:19.470 [info] fatal: not a git repository (or any of the parent directories): .git
2024-12-20 17:05:19.665 [info] > git rev-parse --show-toplevel [174ms]
2024-12-20 17:05:19.665 [info] fatal: not a git repository (or any of the parent directories): .git
