2024-12-21 19:21:18.064 [info] Extension host with pid 3441 started
2024-12-21 19:21:18.390 [info] ExtensionService#_doActivateExtension vscode.git-base, startup: true, activationEvent: '*', root cause: vscode.git
2024-12-21 19:21:19.238 [info] ExtensionService#_doActivateExtension vscode.git, startup: true, activationEvent: '*'
2024-12-21 19:21:19.635 [info] ExtensionService#_doActivateExtension vscode.github, startup: true, activationEvent: '*'
2024-12-21 19:21:20.235 [info] Eager extensions activated
2024-12-21 19:21:21.403 [info] ExtensionService#_doActivateExtension vscode.debug-auto-launch, startup: false, activationEvent: 'onStartupFinished'
2024-12-21 19:21:21.437 [info] ExtensionService#_doActivateExtension vscode.merge-conflict, startup: false, activationEvent: 'onStartupFinished'
2024-12-21 19:21:38.418 [info] Extension host terminating: renderer closed the MessagePort
2024-12-21 19:21:38.500 [info] Extension host with pid 3441 exiting with code 0
2024-12-21 19:21:43.597 [info] Extension host with pid 3525 started
2024-12-21 19:21:43.597 [info] Skipping acquiring lock for /home/mjavad/Desktop/heyd-w/~/.vscode-root/User/workspaceStorage/788a4e14a5179c02ff1ff4e74198447d.
2024-12-21 19:21:43.711 [info] ExtensionService#_doActivateExtension vscode.git-base, startup: true, activationEvent: '*'
2024-12-21 19:21:43.740 [info] ExtensionService#_doActivateExtension ms-python.python, startup: true, activationEvent: 'workspaceContains:manage.py'
2024-12-21 19:21:46.574 [info] ExtensionService#_doActivateExtension vscode.github, startup: true, activationEvent: '*'
2024-12-21 19:21:48.910 [info] Eager extensions activated
2024-12-21 19:21:49.207 [info] ExtensionService#_doActivateExtension vscode.debug-auto-launch, startup: false, activationEvent: 'onStartupFinished'
2024-12-21 19:21:49.229 [info] ExtensionService#_doActivateExtension vscode.merge-conflict, startup: false, activationEvent: 'onStartupFinished'
2024-12-21 19:21:50.697 [info] ExtensionService#_doActivateExtension ms-python.vscode-pylance, startup: false, activationEvent: 'api', root cause: ms-python.python
2024-12-21 19:21:53.619 [info] ExtensionService#_doActivateExtension vscode.git, startup: false, activationEvent: 'api', root cause: vscode.github
2024-12-21 19:21:55.814 [info] ExtensionService#_doActivateExtension vscode.emmet, startup: false, activationEvent: 'onLanguage'
2024-12-21 19:21:57.073 [info] ExtensionService#_doActivateExtension vscode.github-authentication, startup: false, activationEvent: 'onAuthenticationRequest:github'
2024-12-21 19:26:22.021 [warning] [Decorations] CAPPING events from decorations provider vscode.git 1147
2024-12-21 19:44:21.943 [warning] [Decorations] CAPPING events from decorations provider vscode.git 8747
2024-12-21 19:44:27.440 [warning] [Decorations] CAPPING events from decorations provider vscode.git 8747
2024-12-21 19:44:32.939 [warning] [Decorations] CAPPING events from decorations provider vscode.git 8747
2024-12-21 19:44:38.365 [warning] [Decorations] CAPPING events from decorations provider vscode.git 8747
2024-12-21 19:44:42.332 [info] ExtensionService#_doActivateExtension vscode.html-language-features, startup: false, activationEvent: 'onLanguage:html'
2024-12-21 19:44:44.956 [warning] [Decorations] CAPPING events from decorations provider vscode.git 8751
2024-12-21 19:44:50.476 [warning] [Decorations] CAPPING events from decorations provider vscode.git 8752
2024-12-21 19:47:02.891 [warning] [Decorations] CAPPING events from decorations provider vscode.git 8752
2024-12-21 19:47:13.762 [warning] [Decorations] CAPPING events from decorations provider vscode.git 8753
2024-12-21 19:47:43.929 [warning] [Decorations] CAPPING events from decorations provider vscode.git 8755
2024-12-21 19:47:54.305 [warning] [Decorations] CAPPING events from decorations provider vscode.git 8755
2024-12-21 19:47:59.962 [info] ExtensionService#_doActivateExtension vscode.configuration-editing, startup: false, activationEvent: 'onLanguage:jsonc'
2024-12-21 19:48:00.089 [info] ExtensionService#_doActivateExtension vscode.json-language-features, startup: false, activationEvent: 'onLanguage:jsonc'
2024-12-21 19:48:00.733 [info] ExtensionService#_doActivateExtension vscode.typescript-language-features, startup: false, activationEvent: 'onLanguage:jsonc'
2024-12-21 19:49:02.518 [warning] [Decorations] CAPPING events from decorations provider vscode.git 8760
2024-12-21 19:49:11.151 [warning] [Decorations] CAPPING events from decorations provider vscode.git 8759
2024-12-21 19:49:24.113 [warning] [Decorations] CAPPING events from decorations provider vscode.git 8760
2024-12-21 19:49:31.418 [warning] [Decorations] CAPPING events from decorations provider vscode.git 8761
2024-12-21 19:50:07.543 [warning] [Decorations] CAPPING events from decorations provider vscode.git 8761
2024-12-21 19:50:13.060 [warning] [Decorations] CAPPING events from decorations provider vscode.git 8761
2024-12-21 19:50:18.739 [warning] [Decorations] CAPPING events from decorations provider vscode.git 8761
2024-12-21 19:50:24.323 [warning] [Decorations] CAPPING events from decorations provider vscode.git 8761
2024-12-21 19:50:30.913 [info] ExtensionService#_doActivateExtension ms-python.debugpy, startup: false, activationEvent: 'onLanguage:python'
2024-12-21 19:50:32.582 [warning] [Decorations] CAPPING events from decorations provider vscode.git 8761
2024-12-21 19:50:44.610 [warning] [Decorations] CAPPING events from decorations provider vscode.git 8762
2024-12-21 19:50:50.276 [warning] [Decorations] CAPPING events from decorations provider vscode.git 8762
2024-12-21 19:50:56.206 [warning] [Decorations] CAPPING events from decorations provider vscode.git 8764
2024-12-21 19:51:03.444 [warning] [Decorations] CAPPING events from decorations provider vscode.git 8764
2024-12-21 19:51:08.905 [warning] [Decorations] CAPPING events from decorations provider vscode.git 8764
2024-12-21 19:51:14.535 [warning] [Decorations] CAPPING events from decorations provider vscode.git 8764
2024-12-21 19:51:28.793 [warning] [Decorations] CAPPING events from decorations provider vscode.git 8764
2024-12-21 19:51:35.996 [warning] [Decorations] CAPPING events from decorations provider vscode.git 8764
2024-12-21 19:51:41.798 [warning] [Decorations] CAPPING events from decorations provider vscode.git 8765
2024-12-21 19:51:49.920 [warning] [Decorations] CAPPING events from decorations provider vscode.git 8765
2024-12-21 19:51:57.002 [warning] [Decorations] CAPPING events from decorations provider vscode.git 8765
2024-12-21 19:52:02.800 [warning] [Decorations] CAPPING events from decorations provider vscode.git 8765
2024-12-21 19:52:17.544 [warning] [Decorations] CAPPING events from decorations provider vscode.git 8766
2024-12-21 19:52:43.756 [warning] [Decorations] CAPPING events from decorations provider vscode.git 8766
2024-12-21 19:52:51.730 [warning] [Decorations] CAPPING events from decorations provider vscode.git 8766
2024-12-21 19:54:03.554 [warning] [Decorations] CAPPING events from decorations provider vscode.git 8769
2024-12-21 19:54:09.119 [warning] [Decorations] CAPPING events from decorations provider vscode.git 8769
2024-12-21 19:54:14.880 [warning] [Decorations] CAPPING events from decorations provider vscode.git 8769
2024-12-21 19:54:22.466 [warning] [Decorations] CAPPING events from decorations provider vscode.git 8769
2024-12-21 19:54:27.936 [warning] [Decorations] CAPPING events from decorations provider vscode.git 8769
2024-12-21 19:54:33.585 [warning] [Decorations] CAPPING events from decorations provider vscode.git 8769
2024-12-21 19:54:39.417 [warning] [Decorations] CAPPING events from decorations provider vscode.git 8769
2024-12-21 19:56:29.158 [warning] [Decorations] CAPPING events from decorations provider vscode.git 8769
2024-12-21 19:56:38.064 [warning] [Decorations] CAPPING events from decorations provider vscode.git 8771
2024-12-21 19:57:26.534 [warning] [Decorations] CAPPING events from decorations provider vscode.git 8771
2024-12-21 19:57:32.295 [warning] [Decorations] CAPPING events from decorations provider vscode.git 8771
2024-12-21 19:57:38.295 [warning] [Decorations] CAPPING events from decorations provider vscode.git 8771
2024-12-21 19:57:44.627 [warning] [Decorations] CAPPING events from decorations provider vscode.git 8771
2024-12-21 19:58:47.023 [warning] [Decorations] CAPPING events from decorations provider vscode.git 8771
2024-12-21 19:58:56.715 [warning] [Decorations] CAPPING events from decorations provider vscode.git 8773
2024-12-21 20:00:33.760 [warning] [Decorations] CAPPING events from decorations provider vscode.git 8773
2024-12-21 20:00:39.476 [warning] [Decorations] CAPPING events from decorations provider vscode.git 8773
2024-12-21 20:00:44.894 [warning] [Decorations] CAPPING events from decorations provider vscode.git 8773
2024-12-21 20:00:50.420 [warning] [Decorations] CAPPING events from decorations provider vscode.git 8773
2024-12-21 20:00:56.204 [warning] [Decorations] CAPPING events from decorations provider vscode.git 8773
2024-12-21 20:01:01.620 [warning] [Decorations] CAPPING events from decorations provider vscode.git 8773
2024-12-21 20:01:07.158 [warning] [Decorations] CAPPING events from decorations provider vscode.git 8773
2024-12-21 20:03:02.542 [warning] [Decorations] CAPPING events from decorations provider vscode.git 8775
2024-12-21 20:03:10.110 [warning] [Decorations] CAPPING events from decorations provider vscode.git 8775
2024-12-21 20:03:20.766 [warning] [Decorations] CAPPING events from decorations provider vscode.git 8775
2024-12-21 20:05:18.245 [warning] [Decorations] CAPPING events from decorations provider vscode.git 8776
2024-12-21 20:05:23.875 [warning] [Decorations] CAPPING events from decorations provider vscode.git 8776
2024-12-21 20:05:31.945 [warning] [Decorations] CAPPING events from decorations provider vscode.git 8776
2024-12-21 20:06:21.490 [warning] [Decorations] CAPPING events from decorations provider vscode.git 8780
2024-12-21 20:07:58.152 [warning] [Decorations] CAPPING events from decorations provider vscode.git 8780
2024-12-21 20:08:06.015 [warning] [Decorations] CAPPING events from decorations provider vscode.git 8780
2024-12-21 20:08:14.362 [warning] [Decorations] CAPPING events from decorations provider vscode.git 8780
2024-12-21 20:08:22.382 [warning] [Decorations] CAPPING events from decorations provider vscode.git 8781
2024-12-21 20:08:28.845 [warning] [Decorations] CAPPING events from decorations provider vscode.git 8781
2024-12-21 20:08:34.713 [warning] [Decorations] CAPPING events from decorations provider vscode.git 8781
2024-12-21 20:08:42.643 [warning] [Decorations] CAPPING events from decorations provider vscode.git 8782
2024-12-21 20:08:56.624 [warning] [Decorations] CAPPING events from decorations provider vscode.git 8782
2024-12-21 20:09:02.299 [warning] [Decorations] CAPPING events from decorations provider vscode.git 8782
2024-12-21 20:09:08.124 [warning] [Decorations] CAPPING events from decorations provider vscode.git 8783
2024-12-21 20:09:15.376 [warning] [Decorations] CAPPING events from decorations provider vscode.git 8783
2024-12-21 20:09:21.014 [warning] [Decorations] CAPPING events from decorations provider vscode.git 8783
2024-12-21 20:09:27.652 [warning] [Decorations] CAPPING events from decorations provider vscode.git 8783
2024-12-21 20:09:33.295 [warning] [Decorations] CAPPING events from decorations provider vscode.git 8783
2024-12-21 20:09:39.438 [warning] [Decorations] CAPPING events from decorations provider vscode.git 8783
2024-12-21 20:09:47.137 [warning] [Decorations] CAPPING events from decorations provider vscode.git 8783
2024-12-21 20:09:54.451 [warning] [Decorations] CAPPING events from decorations provider vscode.git 8783
2024-12-21 20:10:10.369 [warning] [Decorations] CAPPING events from decorations provider vscode.git 8785
2024-12-21 20:10:19.384 [warning] [Decorations] CAPPING events from decorations provider vscode.git 8785
2024-12-21 20:10:25.124 [warning] [Decorations] CAPPING events from decorations provider vscode.git 8784
2024-12-21 20:10:31.468 [warning] [Decorations] CAPPING events from decorations provider vscode.git 8784
2024-12-21 20:10:38.229 [warning] [Decorations] CAPPING events from decorations provider vscode.git 8784
2024-12-21 20:10:45.756 [warning] [Decorations] CAPPING events from decorations provider vscode.git 8784
2024-12-21 20:10:54.827 [warning] [Decorations] CAPPING events from decorations provider vscode.git 8785
2024-12-21 20:11:01.434 [warning] [Decorations] CAPPING events from decorations provider vscode.git 8786
2024-12-21 20:11:08.567 [warning] [Decorations] CAPPING events from decorations provider vscode.git 8787
2024-12-21 20:11:19.173 [warning] [Decorations] CAPPING events from decorations provider vscode.git 8788
2024-12-21 20:11:25.634 [warning] [Decorations] CAPPING events from decorations provider vscode.git 8788
2024-12-21 20:11:32.131 [warning] [Decorations] CAPPING events from decorations provider vscode.git 8789
2024-12-21 20:17:40.121 [warning] [Decorations] CAPPING events from decorations provider vscode.git 8789
2024-12-21 20:17:46.324 [warning] [Decorations] CAPPING events from decorations provider vscode.git 8789
2024-12-21 20:17:51.797 [warning] [Decorations] CAPPING events from decorations provider vscode.git 8790
2024-12-21 20:19:07.929 [warning] [Decorations] CAPPING events from decorations provider vscode.git 8790
2024-12-21 20:19:15.794 [warning] [Decorations] CAPPING events from decorations provider vscode.git 8792
2024-12-21 20:19:27.015 [warning] [Decorations] CAPPING events from decorations provider vscode.git 8792
2024-12-21 20:19:32.761 [warning] [Decorations] CAPPING events from decorations provider vscode.git 8792
2024-12-21 20:19:38.587 [warning] [Decorations] CAPPING events from decorations provider vscode.git 8792
2024-12-21 20:19:44.385 [warning] [Decorations] CAPPING events from decorations provider vscode.git 8792
2024-12-21 20:19:50.824 [warning] [Decorations] CAPPING events from decorations provider vscode.git 8792
2024-12-21 20:19:56.484 [warning] [Decorations] CAPPING events from decorations provider vscode.git 8792
2024-12-21 20:20:02.128 [warning] [Decorations] CAPPING events from decorations provider vscode.git 8792
2024-12-21 20:20:08.466 [warning] [Decorations] CAPPING events from decorations provider vscode.git 8792
2024-12-21 20:20:14.264 [warning] [Decorations] CAPPING events from decorations provider vscode.git 8792
2024-12-21 20:20:19.884 [warning] [Decorations] CAPPING events from decorations provider vscode.git 8792
2024-12-21 20:20:25.571 [warning] [Decorations] CAPPING events from decorations provider vscode.git 8792
2024-12-21 20:20:31.233 [warning] [Decorations] CAPPING events from decorations provider vscode.git 8792
2024-12-21 20:20:37.182 [warning] [Decorations] CAPPING events from decorations provider vscode.git 8792
2024-12-21 20:20:44.179 [warning] [Decorations] CAPPING events from decorations provider vscode.git 8792
2024-12-21 20:20:49.770 [warning] [Decorations] CAPPING events from decorations provider vscode.git 8792
2024-12-21 20:20:55.618 [warning] [Decorations] CAPPING events from decorations provider vscode.git 8792
2024-12-21 20:21:01.288 [warning] [Decorations] CAPPING events from decorations provider vscode.git 8792
2024-12-21 20:21:07.485 [warning] [Decorations] CAPPING events from decorations provider vscode.git 8792
2024-12-21 20:21:15.253 [warning] [Decorations] CAPPING events from decorations provider vscode.git 8793
2024-12-21 20:21:21.297 [warning] [Decorations] CAPPING events from decorations provider vscode.git 8793
2024-12-21 20:21:26.936 [warning] [Decorations] CAPPING events from decorations provider vscode.git 8794
2024-12-21 20:21:32.736 [warning] [Decorations] CAPPING events from decorations provider vscode.git 8794
2024-12-21 20:21:38.475 [warning] [Decorations] CAPPING events from decorations provider vscode.git 8794
2024-12-21 20:21:44.254 [warning] [Decorations] CAPPING events from decorations provider vscode.git 8795
2024-12-21 20:21:50.265 [warning] [Decorations] CAPPING events from decorations provider vscode.git 8795
2024-12-21 20:21:55.965 [warning] [Decorations] CAPPING events from decorations provider vscode.git 8795
2024-12-21 20:22:01.825 [error] [vscode.html-language-features] provider FAILED
2024-12-21 20:22:01.834 [error] TypeError: Cannot read properties of undefined (reading 'name')
	at OC.f (file:///usr/share/code/resources/app/out/vs/workbench/api/node/extensionHostProcess.js:137:125821)
	at OC.provideDocumentSymbols (file:///usr/share/code/resources/app/out/vs/workbench/api/node/extensionHostProcess.js:137:125590)
	at runNextTicks (node:internal/process/task_queues:60:5)
	at process.processImmediate (node:internal/timers:454:9)
2024-12-21 20:22:03.192 [warning] [Decorations] CAPPING events from decorations provider vscode.git 8796
2024-12-21 20:22:10.863 [warning] [Decorations] CAPPING events from decorations provider vscode.git 8796
2024-12-21 20:22:16.566 [warning] [Decorations] CAPPING events from decorations provider vscode.git 8795
2024-12-21 20:22:22.345 [warning] [Decorations] CAPPING events from decorations provider vscode.git 8796
2024-12-21 20:22:28.301 [warning] [Decorations] CAPPING events from decorations provider vscode.git 8796
2024-12-21 20:22:34.587 [warning] [Decorations] CAPPING events from decorations provider vscode.git 8796
2024-12-21 20:22:40.249 [warning] [Decorations] CAPPING events from decorations provider vscode.git 8796
2024-12-21 20:22:45.877 [warning] [Decorations] CAPPING events from decorations provider vscode.git 8796
2024-12-21 20:22:51.637 [warning] [Decorations] CAPPING events from decorations provider vscode.git 8796
2024-12-21 20:22:58.330 [warning] [Decorations] CAPPING events from decorations provider vscode.git 8796
2024-12-21 20:23:05.487 [warning] [Decorations] CAPPING events from decorations provider vscode.git 8797
2024-12-21 20:23:12.684 [warning] [Decorations] CAPPING events from decorations provider vscode.git 8797
2024-12-21 20:23:21.589 [warning] [Decorations] CAPPING events from decorations provider vscode.git 8797
2024-12-21 20:23:29.986 [warning] [Decorations] CAPPING events from decorations provider vscode.git 8797
2024-12-21 20:23:38.820 [warning] [Decorations] CAPPING events from decorations provider vscode.git 8797
2024-12-21 20:23:44.742 [warning] [Decorations] CAPPING events from decorations provider vscode.git 8797
2024-12-21 20:23:52.480 [warning] [Decorations] CAPPING events from decorations provider vscode.git 8798
2024-12-21 20:23:59.203 [warning] [Decorations] CAPPING events from decorations provider vscode.git 8798
2024-12-21 20:24:05.249 [warning] [Decorations] CAPPING events from decorations provider vscode.git 8798
2024-12-21 20:24:12.387 [warning] [Decorations] CAPPING events from decorations provider vscode.git 8798
2024-12-21 20:24:23.730 [warning] [Decorations] CAPPING events from decorations provider vscode.git 8799
2024-12-21 20:24:36.783 [warning] [Decorations] CAPPING events from decorations provider vscode.git 8800
2024-12-21 20:24:51.957 [warning] [Decorations] CAPPING events from decorations provider vscode.git 8801
2024-12-21 20:24:58.546 [warning] [Decorations] CAPPING events from decorations provider vscode.git 8800
2024-12-21 20:25:04.841 [warning] [Decorations] CAPPING events from decorations provider vscode.git 8800
2024-12-21 20:25:10.464 [warning] [Decorations] CAPPING events from decorations provider vscode.git 8800
2024-12-21 20:25:16.136 [warning] [Decorations] CAPPING events from decorations provider vscode.git 8800
2024-12-21 20:25:24.587 [warning] [Decorations] CAPPING events from decorations provider vscode.git 8800
2024-12-21 20:25:33.700 [warning] [Decorations] CAPPING events from decorations provider vscode.git 8800
2024-12-21 20:25:39.824 [warning] [Decorations] CAPPING events from decorations provider vscode.git 8801
2024-12-21 20:25:48.752 [warning] [Decorations] CAPPING events from decorations provider vscode.git 8801
2024-12-21 20:25:59.197 [warning] [Decorations] CAPPING events from decorations provider vscode.git 8801
2024-12-21 20:26:04.994 [warning] [Decorations] CAPPING events from decorations provider vscode.git 8802
2024-12-21 20:26:10.656 [warning] [Decorations] CAPPING events from decorations provider vscode.git 8802
2024-12-21 20:26:16.323 [warning] [Decorations] CAPPING events from decorations provider vscode.git 8802
2024-12-21 20:26:23.414 [warning] [Decorations] CAPPING events from decorations provider vscode.git 8802
2024-12-21 20:26:30.065 [warning] [Decorations] CAPPING events from decorations provider vscode.git 8802
2024-12-21 20:26:35.711 [warning] [Decorations] CAPPING events from decorations provider vscode.git 8802
2024-12-21 20:26:41.333 [warning] [Decorations] CAPPING events from decorations provider vscode.git 8802
2024-12-21 20:26:46.976 [warning] [Decorations] CAPPING events from decorations provider vscode.git 8802
2024-12-21 20:26:52.585 [warning] [Decorations] CAPPING events from decorations provider vscode.git 8802
2024-12-21 20:26:58.342 [warning] [Decorations] CAPPING events from decorations provider vscode.git 8802
2024-12-21 20:27:04.211 [warning] [Decorations] CAPPING events from decorations provider vscode.git 8802
2024-12-21 20:27:29.804 [warning] [Decorations] CAPPING events from decorations provider vscode.git 8802
2024-12-21 20:27:35.809 [warning] [Decorations] CAPPING events from decorations provider vscode.git 8802
2024-12-21 20:27:41.483 [warning] [Decorations] CAPPING events from decorations provider vscode.git 8802
2024-12-21 20:27:48.809 [warning] [Decorations] CAPPING events from decorations provider vscode.git 8802
2024-12-21 20:28:03.816 [warning] [Decorations] CAPPING events from decorations provider vscode.git 8803
2024-12-21 20:28:10.141 [warning] [Decorations] CAPPING events from decorations provider vscode.git 8803
2024-12-21 20:28:16.983 [warning] [Decorations] CAPPING events from decorations provider vscode.git 8803
2024-12-21 20:28:37.738 [warning] [Decorations] CAPPING events from decorations provider vscode.git 8804
2024-12-21 20:28:45.372 [warning] [Decorations] CAPPING events from decorations provider vscode.git 8805
2024-12-21 20:28:53.194 [warning] [Decorations] CAPPING events from decorations provider vscode.git 8805
2024-12-21 20:29:06.293 [warning] [Decorations] CAPPING events from decorations provider vscode.git 8806
2024-12-21 20:29:13.668 [warning] [Decorations] CAPPING events from decorations provider vscode.git 8807
2024-12-21 20:29:32.956 [warning] [Decorations] CAPPING events from decorations provider vscode.git 8808
2024-12-21 20:29:54.159 [warning] [Decorations] CAPPING events from decorations provider vscode.git 8809
2024-12-21 20:30:03.115 [warning] [Decorations] CAPPING events from decorations provider vscode.git 8810
2024-12-21 20:30:08.874 [warning] [Decorations] CAPPING events from decorations provider vscode.git 8811
2024-12-21 20:30:14.462 [warning] [Decorations] CAPPING events from decorations provider vscode.git 8812
2024-12-21 20:30:20.063 [warning] [Decorations] CAPPING events from decorations provider vscode.git 8812
2024-12-21 20:30:25.706 [warning] [Decorations] CAPPING events from decorations provider vscode.git 8812
2024-12-21 20:30:31.573 [warning] [Decorations] CAPPING events from decorations provider vscode.git 8812
2024-12-21 20:30:40.553 [warning] [Decorations] CAPPING events from decorations provider vscode.git 8813
2024-12-21 20:30:51.682 [warning] [Decorations] CAPPING events from decorations provider vscode.git 8813
2024-12-21 20:30:57.482 [warning] [Decorations] CAPPING events from decorations provider vscode.git 8814
2024-12-21 20:31:03.968 [warning] [Decorations] CAPPING events from decorations provider vscode.git 8814
2024-12-21 20:31:18.116 [warning] [Decorations] CAPPING events from decorations provider vscode.git 8815
2024-12-21 20:31:25.789 [warning] [Decorations] CAPPING events from decorations provider vscode.git 8815
2024-12-21 20:31:49.363 [warning] [Decorations] CAPPING events from decorations provider vscode.git 8816
2024-12-21 20:32:04.232 [warning] [Decorations] CAPPING events from decorations provider vscode.git 8818
2024-12-21 20:32:09.900 [warning] [Decorations] CAPPING events from decorations provider vscode.git 8818
2024-12-21 20:32:16.016 [warning] [Decorations] CAPPING events from decorations provider vscode.git 8817
2024-12-21 20:32:51.597 [warning] [Decorations] CAPPING events from decorations provider vscode.git 8817
2024-12-21 20:32:57.292 [warning] [Decorations] CAPPING events from decorations provider vscode.git 8817
2024-12-21 20:33:03.051 [warning] [Decorations] CAPPING events from decorations provider vscode.git 8817
2024-12-21 20:33:08.684 [warning] [Decorations] CAPPING events from decorations provider vscode.git 8817
2024-12-21 20:33:14.372 [warning] [Decorations] CAPPING events from decorations provider vscode.git 8817
2024-12-21 20:33:20.035 [warning] [Decorations] CAPPING events from decorations provider vscode.git 8817
2024-12-21 20:33:25.691 [warning] [Decorations] CAPPING events from decorations provider vscode.git 8817
2024-12-21 20:33:31.384 [warning] [Decorations] CAPPING events from decorations provider vscode.git 8817
2024-12-21 20:33:37.023 [warning] [Decorations] CAPPING events from decorations provider vscode.git 8817
2024-12-21 20:33:42.673 [warning] [Decorations] CAPPING events from decorations provider vscode.git 8817
2024-12-21 20:33:48.421 [warning] [Decorations] CAPPING events from decorations provider vscode.git 8817
2024-12-21 20:33:54.078 [warning] [Decorations] CAPPING events from decorations provider vscode.git 8817
2024-12-21 20:33:59.728 [warning] [Decorations] CAPPING events from decorations provider vscode.git 8817
2024-12-21 20:34:05.359 [warning] [Decorations] CAPPING events from decorations provider vscode.git 8817
2024-12-21 20:34:10.982 [warning] [Decorations] CAPPING events from decorations provider vscode.git 8817
2024-12-21 20:34:16.663 [warning] [Decorations] CAPPING events from decorations provider vscode.git 8817
2024-12-21 20:34:22.317 [warning] [Decorations] CAPPING events from decorations provider vscode.git 8817
2024-12-21 20:34:28.045 [warning] [Decorations] CAPPING events from decorations provider vscode.git 8817
2024-12-21 20:34:33.700 [warning] [Decorations] CAPPING events from decorations provider vscode.git 8817
2024-12-21 20:34:39.384 [warning] [Decorations] CAPPING events from decorations provider vscode.git 8817
2024-12-21 20:34:45.070 [warning] [Decorations] CAPPING events from decorations provider vscode.git 8817
2024-12-21 20:34:51.250 [warning] [Decorations] CAPPING events from decorations provider vscode.git 8817
2024-12-21 20:34:56.954 [warning] [Decorations] CAPPING events from decorations provider vscode.git 8817
2024-12-21 20:35:02.631 [warning] [Decorations] CAPPING events from decorations provider vscode.git 8817
2024-12-21 20:35:08.346 [warning] [Decorations] CAPPING events from decorations provider vscode.git 8817
2024-12-21 20:35:13.974 [warning] [Decorations] CAPPING events from decorations provider vscode.git 8817
2024-12-21 20:35:19.625 [warning] [Decorations] CAPPING events from decorations provider vscode.git 8817
2024-12-21 20:35:25.246 [warning] [Decorations] CAPPING events from decorations provider vscode.git 8817
2024-12-21 20:35:30.832 [warning] [Decorations] CAPPING events from decorations provider vscode.git 8817
2024-12-21 20:35:36.433 [warning] [Decorations] CAPPING events from decorations provider vscode.git 8817
2024-12-21 20:35:42.097 [warning] [Decorations] CAPPING events from decorations provider vscode.git 8817
2024-12-21 20:35:47.714 [warning] [Decorations] CAPPING events from decorations provider vscode.git 8817
2024-12-21 20:35:53.371 [warning] [Decorations] CAPPING events from decorations provider vscode.git 8817
2024-12-21 20:35:59.044 [warning] [Decorations] CAPPING events from decorations provider vscode.git 8817
2024-12-21 20:36:04.727 [warning] [Decorations] CAPPING events from decorations provider vscode.git 8817
2024-12-21 20:36:10.359 [warning] [Decorations] CAPPING events from decorations provider vscode.git 8817
2024-12-21 20:36:16.033 [warning] [Decorations] CAPPING events from decorations provider vscode.git 8817
2024-12-21 20:36:21.696 [warning] [Decorations] CAPPING events from decorations provider vscode.git 8817
2024-12-21 20:36:27.355 [warning] [Decorations] CAPPING events from decorations provider vscode.git 8817
2024-12-21 20:36:33.555 [warning] [Decorations] CAPPING events from decorations provider vscode.git 8817
2024-12-21 20:36:39.233 [warning] [Decorations] CAPPING events from decorations provider vscode.git 8817
2024-12-21 20:36:44.906 [warning] [Decorations] CAPPING events from decorations provider vscode.git 8817
2024-12-21 20:36:50.590 [warning] [Decorations] CAPPING events from decorations provider vscode.git 8817
2024-12-21 20:36:56.254 [warning] [Decorations] CAPPING events from decorations provider vscode.git 8817
2024-12-21 20:37:01.875 [warning] [Decorations] CAPPING events from decorations provider vscode.git 8817
2024-12-21 20:37:07.471 [warning] [Decorations] CAPPING events from decorations provider vscode.git 8817
2024-12-21 20:37:13.109 [warning] [Decorations] CAPPING events from decorations provider vscode.git 8817
2024-12-21 20:37:18.962 [warning] [Decorations] CAPPING events from decorations provider vscode.git 8817
2024-12-21 20:37:24.652 [warning] [Decorations] CAPPING events from decorations provider vscode.git 8817
2024-12-21 20:37:30.318 [warning] [Decorations] CAPPING events from decorations provider vscode.git 8817
2024-12-21 20:37:35.948 [warning] [Decorations] CAPPING events from decorations provider vscode.git 8817
2024-12-21 20:37:41.573 [warning] [Decorations] CAPPING events from decorations provider vscode.git 8817
2024-12-21 20:37:47.228 [warning] [Decorations] CAPPING events from decorations provider vscode.git 8817
2024-12-21 20:37:52.933 [warning] [Decorations] CAPPING events from decorations provider vscode.git 8817
2024-12-21 20:37:58.617 [warning] [Decorations] CAPPING events from decorations provider vscode.git 8817
2024-12-21 20:38:04.260 [warning] [Decorations] CAPPING events from decorations provider vscode.git 8817
2024-12-21 20:38:09.912 [warning] [Decorations] CAPPING events from decorations provider vscode.git 8817
2024-12-21 20:38:15.585 [warning] [Decorations] CAPPING events from decorations provider vscode.git 8817
2024-12-21 20:38:21.291 [warning] [Decorations] CAPPING events from decorations provider vscode.git 8817
2024-12-21 20:38:26.924 [warning] [Decorations] CAPPING events from decorations provider vscode.git 8817
2024-12-21 20:38:32.576 [warning] [Decorations] CAPPING events from decorations provider vscode.git 8817
2024-12-21 20:38:38.276 [warning] [Decorations] CAPPING events from decorations provider vscode.git 8817
2024-12-21 20:38:43.875 [warning] [Decorations] CAPPING events from decorations provider vscode.git 8817
2024-12-21 20:38:49.461 [warning] [Decorations] CAPPING events from decorations provider vscode.git 8817
2024-12-21 20:38:55.094 [warning] [Decorations] CAPPING events from decorations provider vscode.git 8817
2024-12-21 20:39:01.003 [warning] [Decorations] CAPPING events from decorations provider vscode.git 8817
2024-12-21 20:39:06.716 [warning] [Decorations] CAPPING events from decorations provider vscode.git 8817
2024-12-21 20:39:12.507 [warning] [Decorations] CAPPING events from decorations provider vscode.git 8817
2024-12-21 20:39:18.280 [warning] [Decorations] CAPPING events from decorations provider vscode.git 8817
2024-12-21 20:39:23.972 [warning] [Decorations] CAPPING events from decorations provider vscode.git 8817
2024-12-21 20:39:30.184 [warning] [Decorations] CAPPING events from decorations provider vscode.git 8817
2024-12-21 20:39:35.867 [warning] [Decorations] CAPPING events from decorations provider vscode.git 8817
2024-12-21 20:39:41.516 [warning] [Decorations] CAPPING events from decorations provider vscode.git 8817
2024-12-21 20:39:47.196 [warning] [Decorations] CAPPING events from decorations provider vscode.git 8817
2024-12-21 20:39:52.862 [warning] [Decorations] CAPPING events from decorations provider vscode.git 8817
2024-12-21 20:39:58.508 [warning] [Decorations] CAPPING events from decorations provider vscode.git 8817
2024-12-21 20:40:04.113 [warning] [Decorations] CAPPING events from decorations provider vscode.git 8817
2024-12-21 20:40:09.758 [warning] [Decorations] CAPPING events from decorations provider vscode.git 8817
2024-12-21 20:40:15.600 [warning] [Decorations] CAPPING events from decorations provider vscode.git 8817
2024-12-21 20:40:21.240 [warning] [Decorations] CAPPING events from decorations provider vscode.git 8817
2024-12-21 20:40:26.923 [warning] [Decorations] CAPPING events from decorations provider vscode.git 8817
2024-12-21 20:40:32.738 [warning] [Decorations] CAPPING events from decorations provider vscode.git 8817
2024-12-21 20:40:38.489 [warning] [Decorations] CAPPING events from decorations provider vscode.git 8817
2024-12-21 20:40:44.199 [warning] [Decorations] CAPPING events from decorations provider vscode.git 8817
2024-12-21 20:40:49.822 [warning] [Decorations] CAPPING events from decorations provider vscode.git 8817
2024-12-21 20:40:55.391 [warning] [Decorations] CAPPING events from decorations provider vscode.git 8817
2024-12-21 20:41:00.998 [warning] [Decorations] CAPPING events from decorations provider vscode.git 8817
2024-12-21 20:41:06.666 [warning] [Decorations] CAPPING events from decorations provider vscode.git 8817
2024-12-21 20:41:12.289 [warning] [Decorations] CAPPING events from decorations provider vscode.git 8817
2024-12-21 20:41:17.906 [warning] [Decorations] CAPPING events from decorations provider vscode.git 8817
2024-12-21 20:41:23.606 [warning] [Decorations] CAPPING events from decorations provider vscode.git 8817
2024-12-21 20:41:29.293 [warning] [Decorations] CAPPING events from decorations provider vscode.git 8817
2024-12-21 20:41:34.955 [warning] [Decorations] CAPPING events from decorations provider vscode.git 8817
2024-12-21 20:41:40.612 [warning] [Decorations] CAPPING events from decorations provider vscode.git 8817
2024-12-21 20:41:46.549 [warning] [Decorations] CAPPING events from decorations provider vscode.git 8817
2024-12-21 20:41:52.194 [warning] [Decorations] CAPPING events from decorations provider vscode.git 8817
2024-12-21 20:41:57.803 [warning] [Decorations] CAPPING events from decorations provider vscode.git 8817
2024-12-21 20:42:03.399 [warning] [Decorations] CAPPING events from decorations provider vscode.git 8817
2024-12-21 20:42:09.013 [warning] [Decorations] CAPPING events from decorations provider vscode.git 8817
2024-12-21 20:42:14.653 [warning] [Decorations] CAPPING events from decorations provider vscode.git 8817
2024-12-21 20:42:20.262 [warning] [Decorations] CAPPING events from decorations provider vscode.git 8817
2024-12-21 20:42:25.875 [warning] [Decorations] CAPPING events from decorations provider vscode.git 8817
2024-12-21 20:42:31.563 [warning] [Decorations] CAPPING events from decorations provider vscode.git 8817
2024-12-21 20:42:37.189 [warning] [Decorations] CAPPING events from decorations provider vscode.git 8817
2024-12-21 20:42:42.857 [warning] [Decorations] CAPPING events from decorations provider vscode.git 8817
2024-12-21 20:42:48.532 [warning] [Decorations] CAPPING events from decorations provider vscode.git 8817
2024-12-21 20:42:54.275 [warning] [Decorations] CAPPING events from decorations provider vscode.git 8817
2024-12-21 20:42:59.960 [warning] [Decorations] CAPPING events from decorations provider vscode.git 8817
2024-12-21 20:43:05.570 [warning] [Decorations] CAPPING events from decorations provider vscode.git 8817
2024-12-21 20:43:11.221 [warning] [Decorations] CAPPING events from decorations provider vscode.git 8817
2024-12-21 20:43:16.888 [warning] [Decorations] CAPPING events from decorations provider vscode.git 8817
2024-12-21 20:43:22.550 [warning] [Decorations] CAPPING events from decorations provider vscode.git 8817
2024-12-21 20:43:28.275 [warning] [Decorations] CAPPING events from decorations provider vscode.git 8817
2024-12-21 20:43:33.860 [warning] [Decorations] CAPPING events from decorations provider vscode.git 8817
2024-12-21 20:43:39.470 [warning] [Decorations] CAPPING events from decorations provider vscode.git 8817
2024-12-21 20:43:45.121 [warning] [Decorations] CAPPING events from decorations provider vscode.git 8817
2024-12-21 20:43:50.755 [warning] [Decorations] CAPPING events from decorations provider vscode.git 8817
2024-12-21 20:43:56.408 [warning] [Decorations] CAPPING events from decorations provider vscode.git 8817
2024-12-21 20:44:02.044 [warning] [Decorations] CAPPING events from decorations provider vscode.git 8817
2024-12-21 20:44:07.629 [warning] [Decorations] CAPPING events from decorations provider vscode.git 8817
2024-12-21 20:44:13.638 [warning] [Decorations] CAPPING events from decorations provider vscode.git 8817
2024-12-21 20:44:19.258 [warning] [Decorations] CAPPING events from decorations provider vscode.git 8817
2024-12-21 20:44:24.924 [warning] [Decorations] CAPPING events from decorations provider vscode.git 8817
2024-12-21 20:44:30.587 [warning] [Decorations] CAPPING events from decorations provider vscode.git 8817
2024-12-21 20:44:36.245 [warning] [Decorations] CAPPING events from decorations provider vscode.git 8817
2024-12-21 20:44:41.925 [warning] [Decorations] CAPPING events from decorations provider vscode.git 8817
2024-12-21 20:44:47.596 [warning] [Decorations] CAPPING events from decorations provider vscode.git 8817
2024-12-21 20:44:53.263 [warning] [Decorations] CAPPING events from decorations provider vscode.git 8817
2024-12-21 20:44:59.438 [warning] [Decorations] CAPPING events from decorations provider vscode.git 8817
2024-12-21 20:45:05.154 [warning] [Decorations] CAPPING events from decorations provider vscode.git 8817
2024-12-21 20:45:10.828 [warning] [Decorations] CAPPING events from decorations provider vscode.git 8817
2024-12-21 20:45:16.441 [warning] [Decorations] CAPPING events from decorations provider vscode.git 8817
2024-12-21 20:45:22.041 [warning] [Decorations] CAPPING events from decorations provider vscode.git 8817
2024-12-21 20:45:27.678 [warning] [Decorations] CAPPING events from decorations provider vscode.git 8817
2024-12-21 20:45:33.390 [warning] [Decorations] CAPPING events from decorations provider vscode.git 8817
2024-12-21 20:45:39.003 [warning] [Decorations] CAPPING events from decorations provider vscode.git 8817
2024-12-21 20:45:44.637 [warning] [Decorations] CAPPING events from decorations provider vscode.git 8817
2024-12-21 20:45:50.265 [warning] [Decorations] CAPPING events from decorations provider vscode.git 8817
2024-12-21 20:45:55.902 [warning] [Decorations] CAPPING events from decorations provider vscode.git 8817
2024-12-21 20:46:01.560 [warning] [Decorations] CAPPING events from decorations provider vscode.git 8817
2024-12-21 20:46:07.223 [warning] [Decorations] CAPPING events from decorations provider vscode.git 8817
2024-12-21 20:46:12.823 [warning] [Decorations] CAPPING events from decorations provider vscode.git 8817
2024-12-21 20:46:18.513 [warning] [Decorations] CAPPING events from decorations provider vscode.git 8817
2024-12-21 20:46:24.194 [warning] [Decorations] CAPPING events from decorations provider vscode.git 8817
2024-12-21 20:46:30.259 [warning] [Decorations] CAPPING events from decorations provider vscode.git 8817
2024-12-21 20:46:35.931 [warning] [Decorations] CAPPING events from decorations provider vscode.git 8817
2024-12-21 20:46:41.587 [warning] [Decorations] CAPPING events from decorations provider vscode.git 8817
2024-12-21 20:46:47.258 [warning] [Decorations] CAPPING events from decorations provider vscode.git 8817
2024-12-21 20:46:52.978 [warning] [Decorations] CAPPING events from decorations provider vscode.git 8817
2024-12-21 20:46:58.592 [warning] [Decorations] CAPPING events from decorations provider vscode.git 8817
2024-12-21 20:47:04.182 [warning] [Decorations] CAPPING events from decorations provider vscode.git 8817
2024-12-21 20:47:09.862 [warning] [Decorations] CAPPING events from decorations provider vscode.git 8817
2024-12-21 20:47:15.492 [warning] [Decorations] CAPPING events from decorations provider vscode.git 8817
2024-12-21 20:47:21.142 [warning] [Decorations] CAPPING events from decorations provider vscode.git 8817
2024-12-21 20:47:26.750 [warning] [Decorations] CAPPING events from decorations provider vscode.git 8817
2024-12-21 20:47:32.430 [warning] [Decorations] CAPPING events from decorations provider vscode.git 8817
2024-12-21 20:47:38.177 [warning] [Decorations] CAPPING events from decorations provider vscode.git 8817
2024-12-21 20:47:43.849 [warning] [Decorations] CAPPING events from decorations provider vscode.git 8817
2024-12-21 20:47:49.577 [warning] [Decorations] CAPPING events from decorations provider vscode.git 8817
2024-12-21 20:47:55.298 [warning] [Decorations] CAPPING events from decorations provider vscode.git 8817
2024-12-21 20:48:01.469 [warning] [Decorations] CAPPING events from decorations provider vscode.git 8817
2024-12-21 20:48:07.159 [warning] [Decorations] CAPPING events from decorations provider vscode.git 8817
2024-12-21 20:48:12.740 [warning] [Decorations] CAPPING events from decorations provider vscode.git 8817
2024-12-21 20:48:18.388 [warning] [Decorations] CAPPING events from decorations provider vscode.git 8817
2024-12-21 20:48:23.995 [warning] [Decorations] CAPPING events from decorations provider vscode.git 8817
2024-12-21 20:48:29.657 [warning] [Decorations] CAPPING events from decorations provider vscode.git 8817
2024-12-21 20:48:35.369 [warning] [Decorations] CAPPING events from decorations provider vscode.git 8817
2024-12-21 20:48:41.025 [warning] [Decorations] CAPPING events from decorations provider vscode.git 8817
2024-12-21 20:48:47.036 [warning] [Decorations] CAPPING events from decorations provider vscode.git 8817
2024-12-21 20:48:52.711 [warning] [Decorations] CAPPING events from decorations provider vscode.git 8817
2024-12-21 20:48:58.456 [warning] [Decorations] CAPPING events from decorations provider vscode.git 8817
2024-12-21 20:49:04.160 [warning] [Decorations] CAPPING events from decorations provider vscode.git 8817
2024-12-21 20:49:09.884 [warning] [Decorations] CAPPING events from decorations provider vscode.git 8817
2024-12-21 20:49:15.655 [warning] [Decorations] CAPPING events from decorations provider vscode.git 8817
2024-12-21 20:49:22.110 [warning] [Decorations] CAPPING events from decorations provider vscode.git 8817
2024-12-21 20:49:27.781 [warning] [Decorations] CAPPING events from decorations provider vscode.git 8817
2024-12-21 20:49:34.633 [warning] [Decorations] CAPPING events from decorations provider vscode.git 8817
2024-12-21 20:49:42.323 [warning] [Decorations] CAPPING events from decorations provider vscode.git 8817
2024-12-21 20:49:50.598 [warning] [Decorations] CAPPING events from decorations provider vscode.git 8817
2024-12-21 20:49:56.746 [warning] [Decorations] CAPPING events from decorations provider vscode.git 8817
2024-12-21 20:50:02.174 [warning] [Decorations] CAPPING events from decorations provider vscode.git 8817
2024-12-21 20:50:08.582 [warning] [Decorations] CAPPING events from decorations provider vscode.git 8817
2024-12-21 20:50:14.049 [warning] [Decorations] CAPPING events from decorations provider vscode.git 8817
2024-12-21 20:51:19.978 [warning] [Decorations] CAPPING events from decorations provider vscode.git 8818
2024-12-21 20:51:37.165 [warning] [Decorations] CAPPING events from decorations provider vscode.git 8819
2024-12-21 20:51:46.899 [warning] [Decorations] CAPPING events from decorations provider vscode.git 8820
2024-12-21 20:51:55.830 [warning] [Decorations] CAPPING events from decorations provider vscode.git 8821
2024-12-21 20:52:03.170 [warning] [Decorations] CAPPING events from decorations provider vscode.git 8821
2024-12-21 20:52:09.295 [warning] [Decorations] CAPPING events from decorations provider vscode.git 8821
2024-12-21 20:52:17.369 [warning] [Decorations] CAPPING events from decorations provider vscode.git 8821
2024-12-21 20:53:13.078 [warning] [Decorations] CAPPING events from decorations provider vscode.git 8821
2024-12-21 20:53:29.129 [warning] [Decorations] CAPPING events from decorations provider vscode.git 8821
2024-12-21 20:54:35.194 [warning] [Decorations] CAPPING events from decorations provider vscode.git 8822
2024-12-21 20:54:44.863 [warning] [Decorations] CAPPING events from decorations provider vscode.git 8822
2024-12-21 20:54:50.075 [info] ExtensionService#_doActivateExtension vscode.media-preview, startup: false, activationEvent: 'onCustomEditor:imagePreview.previewEditor'
2024-12-21 20:54:51.235 [warning] [Decorations] CAPPING events from decorations provider vscode.git 8822
2024-12-21 20:54:58.563 [error] EntryNotFound (FileSystemError): Error: ENOENT: no such file or directory, stat '/home/mjavad/Desktop/heyd-w/home/mjavad/Downloads/msg1258007-373.jpg'
	at Ji.e (file:///usr/share/code/resources/app/out/vs/workbench/api/node/extensionHostProcess.js:114:9057)
	at Object.stat (file:///usr/share/code/resources/app/out/vs/workbench/api/node/extensionHostProcess.js:114:7007)
2024-12-21 20:55:00.210 [warning] [Decorations] CAPPING events from decorations provider vscode.git 8830
2024-12-21 20:55:09.117 [warning] [Decorations] CAPPING events from decorations provider vscode.git 8831
2024-12-21 20:55:18.293 [warning] [Decorations] CAPPING events from decorations provider vscode.git 8831
2024-12-21 20:56:35.015 [warning] [Decorations] CAPPING events from decorations provider vscode.git 8831
2024-12-21 20:56:44.060 [warning] [Decorations] CAPPING events from decorations provider vscode.git 8831
2024-12-21 20:56:52.080 [warning] [Decorations] CAPPING events from decorations provider vscode.git 8832
2024-12-21 20:56:59.328 [warning] [Decorations] CAPPING events from decorations provider vscode.git 8832
2024-12-21 21:01:34.506 [warning] [Decorations] CAPPING events from decorations provider vscode.git 8833
2024-12-21 21:01:40.055 [warning] [Decorations] CAPPING events from decorations provider vscode.git 8835
2024-12-21 21:01:45.530 [warning] [Decorations] CAPPING events from decorations provider vscode.git 8835
2024-12-21 21:01:50.975 [warning] [Decorations] CAPPING events from decorations provider vscode.git 8835
2024-12-21 21:01:56.400 [warning] [Decorations] CAPPING events from decorations provider vscode.git 8835
2024-12-21 21:02:02.491 [warning] [Decorations] CAPPING events from decorations provider vscode.git 8836
2024-12-21 21:02:08.191 [warning] [Decorations] CAPPING events from decorations provider vscode.git 8835
2024-12-21 21:02:13.711 [warning] [Decorations] CAPPING events from decorations provider vscode.git 8835
2024-12-21 21:02:20.296 [warning] [Decorations] CAPPING events from decorations provider vscode.git 8837
2024-12-21 21:02:40.488 [warning] [Decorations] CAPPING events from decorations provider vscode.git 8837
2024-12-21 21:02:49.521 [warning] [Decorations] CAPPING events from decorations provider vscode.git 8837
2024-12-21 21:04:35.071 [warning] [Decorations] CAPPING events from decorations provider vscode.git 8837
