2024-12-19 20:48:33.786 [info] Extension host with pid 6501 started
2024-12-19 20:48:34.053 [info] ExtensionService#_doActivateExtension vscode.git-base, startup: true, activationEvent: '*', root cause: vscode.git
2024-12-19 20:48:34.182 [info] ExtensionService#_doActivateExtension vscode.git, startup: true, activationEvent: '*'
2024-12-19 20:48:35.030 [info] ExtensionService#_doActivateExtension vscode.github, startup: true, activationEvent: '*'
2024-12-19 20:48:35.935 [info] Eager extensions activated
2024-12-19 20:48:36.182 [info] ExtensionService#_doActivateExtension vscode.debug-auto-launch, startup: false, activationEvent: 'onStartupFinished'
2024-12-19 20:48:36.219 [info] ExtensionService#_doActivateExtension vscode.merge-conflict, startup: false, activationEvent: 'onStartupFinished'
2024-12-19 20:49:01.145 [info] Extension host terminating: renderer closed the MessagePort
2024-12-19 20:49:01.194 [info] Extension host with pid 6501 exiting with code 0
2024-12-19 20:49:07.919 [info] Extension host with pid 6576 started
2024-12-19 20:49:07.919 [info] Skipping acquiring lock for /home/mjavad/Desktop/heyd/~/.vscode-root/User/workspaceStorage/02f33007407bca3f4107b3823b471a5e.
2024-12-19 20:49:09.814 [info] ExtensionService#_doActivateExtension vscode.git-base, startup: true, activationEvent: '*'
2024-12-19 20:49:09.871 [info] ExtensionService#_doActivateExtension ms-python.python, startup: true, activationEvent: 'workspaceContains:manage.py'
2024-12-19 20:49:12.877 [info] ExtensionService#_doActivateExtension vscode.github, startup: true, activationEvent: '*'
2024-12-19 20:49:13.264 [info] ExtensionService#_doActivateExtension vscode.git, startup: false, activationEvent: '*'
2024-12-19 20:49:16.727 [info] Eager extensions activated
2024-12-19 20:49:17.229 [info] ExtensionService#_doActivateExtension vscode.debug-auto-launch, startup: false, activationEvent: 'onStartupFinished'
2024-12-19 20:49:17.286 [info] ExtensionService#_doActivateExtension vscode.merge-conflict, startup: false, activationEvent: 'onStartupFinished'
2024-12-19 20:49:19.442 [info] ExtensionService#_doActivateExtension ms-python.debugpy, startup: false, activationEvent: 'onLanguage:python'
2024-12-19 20:49:19.992 [info] ExtensionService#_doActivateExtension ms-python.vscode-pylance, startup: false, activationEvent: 'onLanguage:python'
2024-12-19 20:49:25.244 [info] ExtensionService#_doActivateExtension vscode.emmet, startup: false, activationEvent: 'onLanguage'
2024-12-19 20:50:05.707 [info] Extension host terminating: renderer closed the MessagePort
2024-12-19 20:50:05.812 [info] Extension host with pid 6576 exiting with code 0
